
 /ump/fldmd/home/mpark/refine/egads/src/ref_driver -i ../oneram6_a3p06-rev-faceid.meshb -g /ump/fldmd/home/mpark/cases/ugawg-solution-adapt-cases/onera-m6/geometry/oneram6_with_sharp_TE_boxff.egads -m oneram6_a3p06-metric.sol -o out

CAD topo node max eval dist 0.000000e+00
CAD topo edge max eval dist 7.933035e-05
CAD topo face max eval dist 2.518405e+01
   0.5500:   0.550000000000 (  0.550000000000) 110.00% load balance read grid
nnode     161363 complexity      87381.3 ratio  1.85
volume range 8.080135e+12 5.601369e-05
  0.009 min quality
  0.354:     46352 *
  0.397:     30998 *
  0.445:     50138 *
  0.500:     77671 *
  0.561:    111668 *
  0.630:    143048 *
  0.707:    157876
  0.794:    130871
  0.891:     44136
  1.000:         0
  1.000:    792758 max quality
      0.6387730684 mean quality
  0.121 min edge ratio
  0.354:      2257 *
  0.397:      2508 *
  0.445:      5010 *
  0.500:     10183 *
  0.561:     20505 *
  0.630:     42312 *
  0.707:     95019
  0.794:    117468
  0.891:    123336
  1.000:    129581
  1.122:    134514
  1.260:    122103
  1.414:     88592
  1.587:     57137 *
  1.782:     33588 *
  2.000:     16894 *
  2.245:      6630 *
  2.520:      2821 *
  4.184:   1010458 max edge ratio
      1.0788089385 mean edge ratio
mom   1.00000000(0) -0.00000000(1)  0.21520840(2) -0.00530026(3)  0.14028105(4)
skewness  -0.05308948 kurtosis   0.02886934
  26.8400:  26.290000000000 ( 26.290000000000) 110.00% load balance crv const
 pass 0 of 15 with 1 ranks
target quality 0.0089
 599.3300: 572.490000000000 (572.490000000000) 110.00% load balance pass
 661.8500:  62.520000000000 ( 62.520000000000) 110.00% load balance interp
 722.9500:  61.100000000000 ( 61.100000000000) 110.00% load balance crv const
nnode     332498 complexity     111985.5 ratio  2.97
volume range 8.302952e+12 1.863322e-06
  0.004 min quality
  0.354:     65742 *
  0.397:     59745 *
  0.445:    107249 *
  0.500:    176375 *
  0.561:    253180 *
  0.630:    313711 *
  0.707:    326780
  0.794:    261233
  0.891:     95860
  1.000:         0
  0.999:   1659875 max quality
      0.6470752195 mean quality
  0.063 min edge ratio
  0.354:     73744 *
  0.397:     49580 *
  0.445:     69876 *
  0.500:     93131 *
  0.561:    123090 *
  0.630:    171357 *
  0.707:    249537
  0.794:    302662
  0.891:    296094
  1.000:    255528
  1.122:    191470
  1.260:    118017
  1.414:     42503
  1.587:      6552 *
  1.782:      1878 *
  2.000:      1224 *
  2.245:      1011 *
  2.520:      5390 *
 33.024:   2052644 max edge ratio
      0.8237533486 mean edge ratio
mom   1.00000000(0)  0.00000000(1)  0.26361806(2) -0.04570137(3)  0.35721529(4)
skewness  -0.33764979 kurtosis   2.14019637
 732.2700:   9.320000000000 (  9.320000000000) 110.00% load balance balance
 pass 1 of 15 with 1 ranks
target quality 0.0037
1317.0200: 584.750000000000 (584.750000000000) 110.00% load balance pass
1380.4100:  63.390000000000 ( 63.390000000000) 110.00% load balance interp
1442.5200:  62.110000000000 ( 62.110000000000) 110.00% load balance crv const
nnode     319201 complexity      88526.9 ratio  3.61
volume range 7.582355e+12 4.306638e-07
  0.004 min quality
  0.354:     61462 *
  0.397:     48452 *
  0.445:     85286 *
  0.500:    142923 *
  0.561:    217682 *
  0.630:    297153 *
  0.707:    342992
  0.794:    302381
  0.891:    116665
  1.000:         0
  0.999:   1614996 max quality
      0.6650134026 mean quality
  0.052 min edge ratio
  0.354:     72328 *
  0.397:     42712 *
  0.445:     63739 *
  0.500:     89877 *
  0.561:    124226 *
  0.630:    175202 *
  0.707:    243076
  0.794:    289708
  0.891:    291537
  1.000:    258618
  1.122:    193762
  1.260:    110690
  1.414:     33082
  1.587:      3752 *
  1.782:       967 *
  2.000:       648 *
  2.245:       457 *
  2.520:      1217 *
  8.360:   1995598 max edge ratio
      0.8182934490 mean edge ratio
mom   1.00000000(0) -0.00000000(1)  0.25111564(2) -0.10603494(3)  0.28208070(4)
skewness  -0.84263277 kurtosis   1.47327754
1451.8100:   9.290000000000 (  9.290000000000) 110.00% load balance balance
 pass 2 of 15 with 1 ranks
target quality 0.0038
2030.4300: 578.620000000000 (578.620000000000) 110.00% load balance pass
2094.2400:  63.810000000000 ( 63.810000000000) 110.00% load balance interp
2154.7200:  60.480000000000 ( 60.480000000000) 110.00% load balance crv const
nnode     300435 complexity      86745.6 ratio  3.46
volume range 7.580135e+12 9.483379e-08
  0.004 min quality
  0.354:     58664 *
  0.397:     41674 *
  0.445:     71836 *
  0.500:    119529 *
  0.561:    187493 *
  0.630:    268386 *
  0.707:    334534
  0.794:    318974
  0.891:    131069
  1.000:         0
  0.999:   1532159 max quality
      0.6763322555 mean quality
  0.022 min edge ratio
  0.354:     71035 *
  0.397:     34489 *
  0.445:     52371 *
  0.500:     77534 *
  0.561:    113032 *
  0.630:    162832 *
  0.707:    228582
  0.794:    275829
  0.891:    283730
  1.000:    257973
  1.122:    195161
  1.260:    108782
  1.414:     29864
  1.587:      2524 *
  1.782:       240 *
  2.000:        55 *
  2.245:        17 *
  2.520:         4 *
  3.245:   1894054 max edge ratio
      0.8239059265 mean edge ratio
mom   1.00000000(0) -0.00000000(1)  0.25631999(2) -0.15224255(3)  0.36488808(4)
skewness  -1.17317373 kurtosis   2.55385717
2163.6800:   8.960000000000 (  8.960000000000) 110.00% load balance balance
 pass 3 of 15 with 1 ranks
target quality 0.0038
2733.7700: 570.090000000000 (570.090000000000) 110.00% load balance pass
2795.3800:  61.610000000000 ( 61.610000000000) 110.00% load balance interp
2853.8500:  58.470000000000 ( 58.470000000000) 110.00% load balance crv const
nnode     284048 complexity      86760.6 ratio  3.27
volume range 7.580009e+12 1.227105e-07
  0.004 min quality
  0.354:     52428 *
  0.397:     37134 *
  0.445:     62756 *
  0.500:    104733 *
  0.561:    165953 *
  0.630:    245759 *
  0.707:    320803
  0.794:    323995
  0.891:    139086
  1.000:         0
  0.999:   1452647 max quality
      0.6855157174 mean quality
  0.029 min edge ratio
  0.354:     55374 *
  0.397:     27496 *
  0.445:     43406 *
  0.500:     65817 *
  0.561:    100782 *
  0.630:    151722 *
  0.707:    214918
  0.794:    264914
  0.891:    277147
  1.000:    257738
  1.122:    197426
  1.260:    108930
  1.414:     29650
  1.587:      2322 *
  1.782:       217 *
  2.000:        15 *
  2.245:         2 *
  2.520:         0
  2.459:   1797876 max edge ratio
      0.8418902279 mean edge ratio
mom   1.00000000(0)  0.00000000(1)  0.23407879(2) -0.13005123(3)  0.30134320(4)
skewness  -1.14834234 kurtosis   2.49967801
2862.4500:   8.600000000000 (  8.600000000000) 110.00% load balance balance
 pass 4 of 15 with 1 ranks
target quality 0.0039
3426.3800: 563.930000000000 (563.930000000000) 110.00% load balance pass
3487.0200:  60.640000000000 ( 60.640000000000) 110.00% load balance interp
3544.6700:  57.650000000000 ( 57.650000000000) 110.00% load balance crv const
nnode     273190 complexity      86852.0 ratio  3.15
volume range 7.974837e+12 5.889711e-08
  0.002 min quality
  0.354:     48063 *
  0.397:     33941 *
  0.445:     57369 *
  0.500:     96389 *
  0.561:    153296 *
  0.630:    230483 *
  0.707:    310041
  0.794:    324425
  0.891:    143621
  1.000:         0
  0.999:   1397628 max quality
      0.6913255750 mean quality
  0.014 min edge ratio
  0.354:     43983 *
  0.397:     23409 *
  0.445:     37300 *
  0.500:     58166 *
  0.561:     91941 *
  0.630:    142897 *
  0.707:    205525
  0.794:    256606
  0.891:    273753
  1.000:    256475
  1.122:    198127
  1.260:    111084
  1.414:     29746
  1.587:      2417 *
  1.782:       256 *
  2.000:        20 *
  2.245:         2 *
  2.520:         0
  2.310:   1731707 max edge ratio
      0.8565667922 mean edge ratio
mom   1.00000000(0) -0.00000000(1)  0.21527455(2) -0.10790086(3)  0.24395534(4)
skewness  -1.08027882 kurtosis   2.26410971
3553.0800:   8.410000000000 (  8.410000000000) 110.00% load balance balance
 pass 5 of 15 with 1 ranks
target quality 0.0023
4111.6100: 558.530000000000 (558.530000000000) 110.00% load balance pass
4169.5400:  57.930000000000 ( 57.930000000000) 110.00% load balance interp
4227.6200:  58.080000000000 ( 58.080000000000) 110.00% load balance crv const
nnode     265939 complexity      86882.6 ratio  3.06
volume range 7.962049e+12 1.943099e-07
  0.002 min quality
  0.354:     45633 *
  0.397:     32327 *
  0.445:     54787 *
  0.500:     90417 *
  0.561:    144953 *
  0.630:    220479 *
  0.707:    301971
  0.794:    322718
  0.891:    145898
  1.000:         0
  1.000:   1359183 max quality
      0.6946199104 mean quality
  0.034 min edge ratio
  0.354:     37241 *
  0.397:     21067 *
  0.445:     33201 *
  0.500:     53232 *
  0.561:     85792 *
  0.630:    135900 *
  0.707:    199657
  0.794:    250490
  0.891:    269051
  1.000:    255038
  1.122:    199334
  1.260:    112260
  1.414:     30638
  1.587:      2564 *
  1.782:       236 *
  2.000:        24 *
  2.245:         8 *
  2.520:         1 *
  2.627:   1685734 max edge ratio
      0.8665833865 mean edge ratio
mom   1.00000000(0) -0.00000000(1)  0.20438343(2) -0.09570956(3)  0.21325966(4)
skewness  -1.03582597 kurtosis   2.10525383
4235.9400:   8.320000000000 (  8.320000000000) 110.00% load balance balance
 pass 6 of 15 with 1 ranks
target quality 0.0023
4790.5200: 554.580000000001 (554.580000000001) 110.00% load balance pass
4848.5900:  58.070000000000 ( 58.070000000000) 110.00% load balance interp
4906.3400:  57.750000000000 ( 57.750000000000) 110.00% load balance crv const
nnode     260508 complexity      86959.1 ratio  3.00
volume range 7.628208e+12 7.051401e-08
  0.002 min quality
  0.354:     43273 *
  0.397:     30818 *
  0.445:     52574 *
  0.500:     87167 *
  0.561:    139428 *
  0.630:    213849 *
  0.707:    294803
  0.794:    320770
  0.891:    147354
  1.000:         0
  0.999:   1330036 max quality
      0.6972324331 mean quality
  0.046 min edge ratio
  0.354:     31218 *
  0.397:     18864 *
  0.445:     30428 *
  0.500:     49369 *
  0.561:     81377 *
  0.630:    131439 *
  0.707:    194406
  0.794:    245277
  0.891:    266302
  1.000:    254316
  1.122:    199890
  1.260:    113424
  1.414:     31743
  1.587:      2544 *
  1.782:       213 *
  2.000:        23 *
  2.245:         0
  2.184:   1650833 max edge ratio
      0.8753304459 mean edge ratio
mom   1.00000000(0)  0.00000000(1)  0.19359120(2) -0.08259778(3)  0.18124058(4)
skewness  -0.96970567 kurtosis   1.83597680
4914.6100:   8.270000000000 (  8.270000000000) 110.00% load balance balance
 pass 7 of 15 with 1 ranks
target quality 0.0023
5464.9400: 550.330000000000 (550.330000000000) 110.00% load balance pass
5521.1300:  56.190000000001 ( 56.190000000001) 110.00% load balance interp
5579.3600:  58.230000000000 ( 58.230000000000) 110.00% load balance crv const
nnode     256437 complexity      87020.4 ratio  2.95
volume range 7.628085e+12 1.559543e-07
  0.002 min quality
  0.354:     41522 *
  0.397:     29719 *
  0.445:     50116 *
  0.500:     84386 *
  0.561:    136154 *
  0.630:    208562 *
  0.707:    290721
  0.794:    318446
  0.891:    148260
  1.000:         0
  1.000:   1307886 max quality
      0.6992517447 mean quality
  0.046 min edge ratio
  0.354:     26876 *
  0.397:     17547 *
  0.445:     28292 *
  0.500:     46761 *
  0.561:     77622 *
  0.630:    127461 *
  0.707:    190380
  0.794:    242242
  0.891:    264065
  1.000:    252901
  1.122:    199844
  1.260:    115251
  1.414:     32124
  1.587:      2664 *
  1.782:       252 *
  2.000:        27 *
  2.245:         0
  2.520:         1 *
  2.799:   1624310 max edge ratio
      0.8819004878 mean edge ratio
mom   1.00000000(0)  0.00000000(1)  0.18632143(2) -0.07456996(3)  0.16332490(4)
skewness  -0.92719205 kurtosis   1.70464443
5587.6300:   8.270000000000 (  8.270000000000) 110.00% load balance balance
 pass 8 of 15 with 1 ranks
target quality 0.0023
6373.8800: 786.250000000000 (786.250000000000) 110.00% load balance pass
6440.9300:  67.050000000000 ( 67.050000000000) 110.00% load balance interp
6519.0300:  78.099999999999 ( 78.099999999999) 110.00% load balance crv const
nnode     253146 complexity      87088.1 ratio  2.91
volume range 7.627962e+12 2.046886e-07
  0.002 min quality
  0.354:     39984 *
  0.397:     28558 *
  0.445:     48907 *
  0.500:     81891 *
  0.561:    132836 *
  0.630:    204910 *
  0.707:    287574
  0.794:    316459
  0.891:    148299
  1.000:         0
  0.999:   1289418 max quality
      0.7010217033 mean quality
  0.063 min edge ratio
  0.354:     23676 *
  0.397:     16192 *
  0.445:     26839 *
  0.500:     44036 *
  0.561:     75136 *
  0.630:    124695 *
  0.707:    187013
  0.794:    238614
  0.891:    262164
  1.000:    251489
  1.122:    200314
  1.260:    116109
  1.414:     32998
  1.587:      2726 *
  1.782:       244 *
  2.000:        27 *
  2.245:         3 *
  2.520:         2 *
  2.789:   1602277 max edge ratio
      0.8873547071 mean edge ratio
mom   1.00000000(0) -0.00000000(1)  0.18078754(2) -0.06864871(3)  0.15025356(4)
skewness  -0.89305789 kurtosis   1.59714060
6532.0700:  13.040000000000 ( 13.040000000000) 110.00% load balance balance
 pass 9 of 15 with 1 ranks
target quality 0.0023
7384.4300: 852.360000000001 (852.360000000001) 110.00% load balance pass
7476.2900:  91.860000000000 ( 91.860000000000) 110.00% load balance interp
7576.1900:  99.900000000000 ( 99.900000000000) 110.00% load balance crv const
nnode     251027 complexity      87156.3 ratio  2.88
volume range 7.627839e+12 7.589805e-08
  0.002 min quality
  0.354:     38330 *
  0.397:     28302 *
  0.445:     47544 *
  0.500:     80465 *
  0.561:    131012 *
  0.630:    202665 *
  0.707:    284216
  0.794:    315230
  0.891:    148992
  1.000:         0
  1.000:   1276756 max quality
      0.7024137511 mean quality
  0.044 min edge ratio
  0.354:     21793 *
  0.397:     15057 *
  0.445:     25938 *
  0.500:     42637 *
  0.561:     73069 *
  0.630:    122663 *
  0.707:    184736
  0.794:    236589
  0.891:    260248
  1.000:    251062
  1.122:    199844
  1.260:    117185
  1.414:     33395
  1.587:      2792 *
  1.782:       257 *
  2.000:        21 *
  2.245:         2 *
  2.520:         0
  2.388:   1587288 max edge ratio
      0.8909548211 mean edge ratio
mom   1.00000000(0) -0.00000000(1)  0.17722329(2) -0.06520137(3)  0.14295596(4)
skewness  -0.87392778 kurtosis   1.55156422
7589.5500:  13.360000000001 ( 13.360000000001) 110.00% load balance balance
 pass 10 of 15 with 1 ranks
target quality 0.0023
8198.2200: 608.670000000000 (608.670000000000) 110.00% load balance pass
8252.4700:  54.250000000000 ( 54.250000000000) 110.00% load balance interp
8312.9500:  60.480000000000 ( 60.480000000000) 110.00% load balance crv const
nnode     249459 complexity      87286.5 ratio  2.86
volume range 7.627717e+12 1.139261e-07
  0.002 min quality
  0.354:     37104 *
  0.397:     27300 *
  0.445:     46938 *
  0.500:     79518 *
  0.561:    129571 *
  0.630:    201266 *
  0.707:    282340
  0.794:    313988
  0.891:    149576
  1.000:         0
  1.000:   1267601 max quality
      0.7037315397 mean quality
  0.057 min edge ratio
  0.354:     20141 *
  0.397:     14693 *
  0.445:     24779 *
  0.500:     41458 *
  0.561:     71231 *
  0.630:    120798 *
  0.707:    183141
  0.794:    235755
  0.891:    259111
  1.000:    250611
  1.122:    199997
  1.260:    117627
  1.414:     33878
  1.587:      2863 *
  1.782:       296 *
  2.000:        41 *
  2.245:         2 *
  2.520:         1 *
  2.550:   1576423 max edge ratio
      0.8940515075 mean edge ratio
mom   1.00000000(0) -0.00000000(1)  0.17411038(2) -0.06169719(3)  0.13504515(4)
skewness  -0.84923591 kurtosis   1.45481484
8321.3400:   8.389999999999 (  8.389999999999) 110.00% load balance balance
 pass 11 of 15 with 1 ranks
target quality 0.0023
8861.3400: 540.000000000000 (540.000000000000) 110.00% load balance pass
8915.4400:  54.100000000000 ( 54.100000000000) 110.00% load balance interp
8976.6900:  61.250000000000 ( 61.250000000000) 110.00% load balance crv const
nnode     248017 complexity      87291.3 ratio  2.84
volume range 7.627596e+12 1.612900e-07
  0.002 min quality
  0.354:     36446 *
  0.397:     26783 *
  0.445:     45553 *
  0.500:     78290 *
  0.561:    128839 *
  0.630:    199584 *
  0.707:    280853
  0.794:    313147
  0.891:    149768
  1.000:         0
  0.999:   1259263 max quality
      0.7045855966 mean quality
  0.018 min edge ratio
  0.354:     19257 *
  0.397:     14391 *
  0.445:     24088 *
  0.500:     40789 *
  0.561:     69527 *
  0.630:    119781 *
  0.707:    181438
  0.794:    233811
  0.891:    258252
  1.000:    250173
  1.122:    199347
  1.260:    118177
  1.414:     34150
  1.587:      2938 *
  1.782:       277 *
  2.000:        35 *
  2.245:         1 *
  2.520:         0
  2.271:   1566432 max edge ratio
      0.8959544768 mean edge ratio
mom   1.00000000(0)  0.00000000(1)  0.17284441(2) -0.06118787(3)  0.13525115(4)
skewness  -0.85149548 kurtosis   1.52720628
8985.1300:   8.440000000001 (  8.440000000001) 110.00% load balance balance
 pass 12 of 15 with 1 ranks
target quality 0.0023
9524.1800: 539.049999999999 (539.049999999999) 110.00% load balance pass
9578.6800:  54.500000000000 ( 54.500000000000) 110.00% load balance interp
9640.6900:  62.010000000000 ( 62.010000000000) 110.00% load balance crv const
nnode     246910 complexity      87289.9 ratio  2.83
volume range 7.627475e+12 7.381908e-09
  0.002 min quality
  0.354:     35148 *
  0.397:     26469 *
  0.445:     45554 *
  0.500:     78032 *
  0.561:    127461 *
  0.630:    197832 *
  0.707:    279320
  0.794:    313152
  0.891:    149727
  1.000:         0
  1.000:   1252695 max quality
      0.7055069156 mean quality
  0.033 min edge ratio
  0.354:     18488 *
  0.397:     13776 *
  0.445:     23489 *
  0.500:     39907 *
  0.561:     68973 *
  0.630:    118325 *
  0.707:    179654
  0.794:    233164
  0.891:    258247
  1.000:    249628
  1.122:    199151
  1.260:    118796
  1.414:     34048
  1.587:      2708 *
  1.782:       287 *
  2.000:        22 *
  2.245:         3 *
  2.520:         0
  2.428:   1558666 max edge ratio
      0.8977696766 mean edge ratio
mom   1.00000000(0) -0.00000000(1)  0.17070017(2) -0.05897314(3)  0.12893440(4)
skewness  -0.83618681 kurtosis   1.42487393
9649.2000:   8.510000000000 (  8.510000000000) 110.00% load balance balance
 pass 13 of 15 with 1 ranks
target quality 0.0023
10187.0400: 537.840000000000 (537.840000000000) 110.00% load balance pass
10242.2200:  55.180000000000 ( 55.180000000000) 110.00% load balance interp
10304.8400:  62.619999999999 ( 62.619999999999) 110.00% load balance crv const
nnode     245645 complexity      87414.6 ratio  2.81
volume range 7.627355e+12 1.828819e-07
  0.002 min quality
  0.354:     34065 *
  0.397:     25748 *
  0.445:     44855 *
  0.500:     77207 *
  0.561:    126368 *
  0.630:    197300 *
  0.707:    278029
  0.794:    311308
  0.891:    150431
  1.000:         0
  1.000:   1245311 max quality
      0.7065182477 mean quality
  0.066 min edge ratio
  0.354:     17586 *
  0.397:     13300 *
  0.445:     22796 *
  0.500:     38668 *
  0.561:     67348 *
  0.630:    117006 *
  0.707:    178831
  0.794:    231318
  0.891:    257115
  1.000:    249508
  1.122:    199387
  1.260:    119190
  1.414:     34676
  1.587:      2874 *
  1.782:       242 *
  2.000:        22 *
  2.245:         3 *
  2.520:         0
  2.348:   1549870 max edge ratio
      0.9002300306 mean edge ratio
mom   1.00000000(0)  0.00000000(1)  0.16888551(2) -0.05760941(3)  0.12619396(4)
skewness  -0.83005114 kurtosis   1.42439384
10313.3800:   8.540000000001 (  8.540000000001) 110.00% load balance balance
 pass 14 of 15 with 1 ranks
target quality 0.0023
10849.1400: 535.760000000000 (535.760000000000) 110.00% load balance pass
10904.3500:  55.209999999999 ( 55.209999999999) 110.00% load balance interp
10967.7200:  63.370000000001 ( 63.370000000001) 110.00% load balance crv const
nnode     244984 complexity      87488.1 ratio  2.80
volume range 7.627235e+12 2.098291e-07
  0.002 min quality
  0.354:     33729 *
  0.397:     25423 *
  0.445:     44595 *
  0.500:     75914 *
  0.561:    125847 *
  0.630:    196751 *
  0.707:    277259
  0.794:    311794
  0.891:    150385
  1.000:         0
  0.999:   1241697 max quality
      0.7071519305 mean quality
  0.054 min edge ratio
  0.354:     16984 *
  0.397:     13314 *
  0.445:     22278 *
  0.500:     38401 *
  0.561:     66988 *
  0.630:    116432 *
  0.707:    177272
  0.794:    231101
  0.891:    256392
  1.000:    249610
  1.122:    199298
  1.260:    119048
  1.414:     35095
  1.587:      2838 *
  1.782:       290 *
  2.000:        28 *
  2.245:         5 *
  2.520:         0
  2.390:   1545374 max edge ratio
      0.9013026139 mean edge ratio
mom   1.00000000(0) -0.00000000(1)  0.16801161(2) -0.05661596(3)  0.12432212(4)
skewness  -0.82211002 kurtosis   1.40422823
10976.3300:   8.610000000001 (  8.610000000001) 110.00% load balance balance
CAD topo node max eval dist 0.000000e+00
CAD topo edge max eval dist 7.933035e-05
CAD topo face max eval dist 2.917428e+01
10976.4000:   0.070000000000 (  0.070000000000) 110.00% load balance verify final params
10976.7200:   0.309999999999 (  0.309999999999) 110.00% load balance gather b8.ugrid
10976.9700:   0.250000000000 (  0.250000000000) 110.00% load balance gather meshb
10986.4200:   9.449999999999 (  9.449999999999) 110.00% load balance tec
