
 /ump/fldmd/home/mpark/refine/egads/src/ref_driver -i ../hsc03.meshb -g /ump/fldmd/home/mpark/cases/ugawg-solution-adapt-cases/hemisphere-cylinder/geometry/hemisph-cyl.egads -m hsc03-metric.sol -o out

CAD topo node max eval dist 0.000000e+00
CAD topo edge max eval dist 2.026213e-12
CAD topo face max eval dist 9.297886e-06
   0.1800:   0.180000000000 (  0.180000000000) 110.00% load balance read grid
nnode      45343 complexity      30107.1 ratio  1.51
volume range 8.489870e+02 2.217256e-07
  0.064 min quality
  0.354:     23046 *
  0.397:     11671 *
  0.445:     15939 *
  0.500:     21301 *
  0.561:     28154 *
  0.630:     36437 *
  0.707:     44233
  0.794:     44788
  0.891:     20369
  1.000:         0
  0.999:    245938 max quality
      0.6301112331 mean quality
  0.112 min edge ratio
  0.354:      3034 *
  0.397:      2758 *
  0.445:      4740 *
  0.500:      7683 *
  0.561:     12115 *
  0.630:     17621 *
  0.707:     24512
  0.794:     30411
  0.891:     34213
  1.000:     35632
  1.122:     33136
  1.260:     27353
  1.414:     19624
  1.587:     13749 *
  1.782:      9898 *
  2.000:      7256 *
  2.245:      5360 *
  2.520:      8296 *
  6.538:    297391 max edge ratio
      1.0494352458 mean edge ratio
mom   1.00000000(0) -0.00000000(1)  0.36595864(2)  0.03239096(3)  0.45137431(4)
skewness   0.14631061 kurtosis   0.37033314
   6.6700:   6.490000000000 (  6.490000000000) 110.00% load balance crv const
 pass 0 of 15 with 1 ranks
target quality 0.0638
  50.3200:  43.650000000000 ( 43.650000000000) 110.00% load balance pass
  54.9700:   4.650000000000 (  4.650000000000) 110.00% load balance interp
  69.2700:  14.300000000000 ( 14.300000000000) 110.00% load balance crv const
nnode      95396 complexity      29761.2 ratio  3.21
volume range 8.390055e+02 2.933508e-08
  0.098 min quality
  0.354:     23160 *
  0.397:     18903 *
  0.445:     31512 *
  0.500:     50006 *
  0.561:     72528 *
  0.630:     94491 *
  0.707:    102902
  0.794:     83009
  0.891:     30911
  1.000:         0
  0.998:    507422 max quality
      0.6492544056 mean quality
  0.076 min edge ratio
  0.354:     14566 *
  0.397:     11439 *
  0.445:     18161 *
  0.500:     26722 *
  0.561:     37241 *
  0.630:     50960 *
  0.707:     69020
  0.794:     82609
  0.891:     84856
  1.000:     78365
  1.122:     64230
  1.260:     44985
  1.414:     19597
  1.587:      5729 *
  1.782:      2033 *
  2.000:       545 *
  2.245:       153 *
  2.520:        33 *
  3.245:    611244 max edge ratio
      0.8569507461 mean edge ratio
mom   1.00000000(0) -0.00000000(1)  0.24291640(2) -0.06655225(3)  0.20143106(4)
skewness  -0.55587548 kurtosis   0.41360111
  72.0900:   2.820000000000 (  2.820000000000) 110.00% load balance balance
 pass 1 of 15 with 1 ranks
target quality 0.0982
 119.4200:  47.330000000000 ( 47.330000000000) 110.00% load balance pass
 123.8800:   4.460000000000 (  4.460000000000) 110.00% load balance interp
 136.0000:  12.120000000000 ( 12.120000000000) 110.00% load balance crv const
nnode      98923 complexity      29722.6 ratio  3.33
volume range 9.169129e+02 6.394758e-09
  0.099 min quality
  0.354:     15880 *
  0.397:     15541 *
  0.445:     27575 *
  0.500:     46726 *
  0.561:     71025 *
  0.630:     97583 *
  0.707:    114126
  0.794:    100636
  0.891:     38441
  1.000:         0
  0.998:    527533 max quality
      0.6714114629 mean quality
  0.046 min edge ratio
  0.354:     14674 *
  0.397:     11808 *
  0.445:     18827 *
  0.500:     28433 *
  0.561:     40658 *
  0.630:     56748 *
  0.707:     76647
  0.794:     90371
  0.891:     91462
  1.000:     82793
  1.122:     66704
  1.260:     42381
  1.414:     12440
  1.587:       910 *
  1.782:        39 *
  2.000:         0
  1.968:    634895 max edge ratio
      0.8387258017 mean edge ratio
mom   1.00000000(0)  0.00000000(1)  0.21807047(2) -0.06805349(3)  0.16590781(4)
skewness  -0.66827488 kurtosis   0.48877626
 138.6200:   2.620000000000 (  2.620000000000) 110.00% load balance balance
 pass 2 of 15 with 1 ranks
target quality 0.0986
 182.8200:  44.200000000000 ( 44.200000000000) 110.00% load balance pass
 187.5100:   4.690000000000 (  4.690000000000) 110.00% load balance interp
 199.0100:  11.500000000000 ( 11.500000000000) 110.00% load balance crv const
nnode      91296 complexity      29706.6 ratio  3.07
volume range 8.352924e+02 2.062182e-08
  0.088 min quality
  0.354:     10520 *
  0.397:     11241 *
  0.445:     20640 *
  0.500:     36486 *
  0.561:     59853 *
  0.630:     88188 *
  0.707:    113441
  0.794:    109001
  0.891:     44517
  1.000:         0
  0.999:    493887 max quality
      0.6933883283 mean quality
  0.093 min edge ratio
  0.354:      8676 *
  0.397:      8244 *
  0.445:     14297 *
  0.500:     23008 *
  0.561:     35900 *
  0.630:     53094 *
  0.707:     72338
  0.794:     86640
  0.891:     88958
  1.000:     83447
  1.122:     67149
  1.260:     40744
  1.414:     10390
  1.587:       561 *
  1.782:        25 *
  2.000:         0
  1.975:    593471 max edge ratio
      0.8588046509 mean edge ratio
mom   1.00000000(0) -0.00000000(1)  0.19046856(2) -0.05260634(3)  0.12389072(4)
skewness  -0.63285343 kurtosis   0.41501163
 201.5500:   2.540000000000 (  2.540000000000) 110.00% load balance balance
 pass 3 of 15 with 1 ranks
target quality 0.0877
 244.6400:  43.090000000000 ( 43.090000000000) 110.00% load balance pass
 249.7700:   5.130000000000 (  5.130000000000) 110.00% load balance interp
 263.9700:  14.200000000000 ( 14.200000000000) 110.00% load balance crv const
nnode      85443 complexity      29696.6 ratio  2.88
volume range 8.349015e+02 1.770667e-08
  0.075 min quality
  0.354:      7897 *
  0.397:      8378 *
  0.445:     15888 *
  0.500:     29731 *
  0.561:     50729 *
  0.630:     79901 *
  0.707:    109686
  0.794:    114093
  0.891:     49535
  1.000:         0
  0.999:    465838 max quality
      0.7098156031 mean quality
  0.120 min edge ratio
  0.354:      5493 *
  0.397:      5900 *
  0.445:     10890 *
  0.500:     18829 *
  0.561:     30897 *
  0.630:     48588 *
  0.707:     68328
  0.794:     83185
  0.891:     87390
  1.000:     83137
  1.122:     67268
  1.260:     39729
  1.414:      9324
  1.587:       519 *
  1.782:        19 *
  2.000:         1 *
  2.245:         0
  2.033:    559497 max edge ratio
      0.8758767843 mean edge ratio
mom   1.00000000(0) -0.00000000(1)  0.17228979(2) -0.04447131(3)  0.10210684(4)
skewness  -0.62185719 kurtosis   0.43982055
 266.6200:   2.650000000000 (  2.650000000000) 110.00% load balance balance
 pass 4 of 15 with 1 ranks
target quality 0.0753
 308.6400:  42.020000000000 ( 42.020000000000) 110.00% load balance pass
 314.0800:   5.440000000000 (  5.440000000000) 110.00% load balance interp
 327.7800:  13.700000000000 ( 13.700000000000) 110.00% load balance crv const
nnode      81383 complexity      29689.4 ratio  2.74
volume range 8.894733e+02 1.373686e-08
  0.105 min quality
  0.354:      6456 *
  0.397:      6800 *
  0.445:     13507 *
  0.500:     24992 *
  0.561:     43936 *
  0.630:     73387 *
  0.707:    106388
  0.794:    116645
  0.891:     53332
  1.000:         0
  0.999:    445443 max quality
      0.7212594004 mean quality
  0.094 min edge ratio
  0.354:      4220 *
  0.397:      4475 *
  0.445:      8651 *
  0.500:     15579 *
  0.561:     27261 *
  0.630:     44662 *
  0.707:     64557
  0.794:     80812
  0.891:     85830
  1.000:     83057
  1.122:     67715
  1.260:     38746
  1.414:      8902
  1.587:       464 *
  1.782:         9 *
  2.000:         0
  1.881:    534940 max edge ratio
      0.8886716108 mean edge ratio
mom   1.00000000(0) -0.00000000(1)  0.16103620(2) -0.04114929(3)  0.09202890(4)
skewness  -0.63676195 kurtosis   0.54876484
 330.2400:   2.460000000000 (  2.460000000000) 110.00% load balance balance
 pass 5 of 15 with 1 ranks
target quality 0.1000
 371.0700:  40.830000000000 ( 40.830000000000) 110.00% load balance pass
 376.5000:   5.430000000000 (  5.430000000000) 110.00% load balance interp
 387.4200:  10.920000000000 ( 10.920000000000) 110.00% load balance crv const
nnode      78427 complexity      29684.1 ratio  2.64
volume range 9.991229e+02 1.628581e-08
  0.127 min quality
  0.354:      5390 *
  0.397:      5659 *
  0.445:     11455 *
  0.500:     21827 *
  0.561:     39359 *
  0.630:     67849 *
  0.707:    102816
  0.794:    118484
  0.891:     56798
  1.000:         0
  1.000:    429637 max quality
      0.7308047217 mean quality
  0.096 min edge ratio
  0.354:      3503 *
  0.397:      3627 *
  0.445:      6959 *
  0.500:     13291 *
  0.561:     24305 *
  0.630:     41776 *
  0.707:     62221
  0.794:     78360
  0.891:     84769
  1.000:     82679
  1.122:     67403
  1.260:     38250
  1.414:      8560
  1.587:       426 *
  1.782:         4 *
  2.000:         0
  1.808:    516133 max edge ratio
      0.8982154273 mean edge ratio
mom   1.00000000(0) -0.00000000(1)  0.15298368(2) -0.03889840(3)  0.08555185(4)
skewness  -0.65007601 kurtosis   0.65543600
 389.6700:   2.250000000000 (  2.250000000000) 110.00% load balance balance
 pass 6 of 15 with 1 ranks
target quality 0.1000
 428.9700:  39.300000000000 ( 39.300000000000) 110.00% load balance pass
 434.4900:   5.520000000000 (  5.520000000000) 110.00% load balance interp
 447.4600:  12.970000000000 ( 12.970000000000) 110.00% load balance crv const
nnode      75992 complexity      29683.2 ratio  2.56
volume range 9.908563e+02 1.461755e-08
  0.107 min quality
  0.354:      4543 *
  0.397:      4977 *
  0.445:      9940 *
  0.500:     19164 *
  0.561:     36077 *
  0.630:     63398 *
  0.707:     99335
  0.794:    119608
  0.891:     59316
  1.000:         0
  0.999:    416358 max quality
      0.7385713119 mean quality
  0.069 min edge ratio
  0.354:      2885 *
  0.397:      3052 *
  0.445:      5953 *
  0.500:     11383 *
  0.561:     21705 *
  0.630:     39325 *
  0.707:     59669
  0.794:     76477
  0.891:     83101
  1.000:     82535
  1.122:     67817
  1.260:     37843
  1.414:      8254
  1.587:       360 *
  1.782:        16 *
  2.000:         1 *
  2.245:         0
  2.013:    500376 max edge ratio
      0.9067720365 mean edge ratio
mom   1.00000000(0)  0.00000000(1)  0.14630137(2) -0.03682444(3)  0.08005506(4)
skewness  -0.65805706 kurtosis   0.74017591
 450.2500:   2.790000000000 (  2.790000000000) 110.00% load balance balance
 pass 7 of 15 with 1 ranks
target quality 0.1000
 490.1000:  39.850000000000 ( 39.850000000000) 110.00% load balance pass
 496.0800:   5.980000000000 (  5.980000000000) 110.00% load balance interp
 512.4600:  16.380000000000 ( 16.380000000000) 110.00% load balance crv const
nnode      73961 complexity      29680.2 ratio  2.49
volume range 8.332325e+02 1.274214e-08
  0.117 min quality
  0.354:      3816 *
  0.397:      4237 *
  0.445:      8648 *
  0.500:     17127 *
  0.561:     32937 *
  0.630:     59177 *
  0.707:     97273
  0.794:    120181
  0.891:     61888
  1.000:         0
  1.000:    405284 max quality
      0.7459190933 mean quality
  0.110 min edge ratio
  0.354:      2497 *
  0.397:      2553 *
  0.445:      5113 *
  0.500:     10027 *
  0.561:     19821 *
  0.630:     36987 *
  0.707:     57630
  0.794:     74476
  0.891:     81967
  1.000:     82289
  1.122:     68025
  1.260:     37465
  1.414:      7984
  1.587:       371 *
  1.782:        15 *
  2.000:         0
  1.987:    487220 max edge ratio
      0.9137982262 mean edge ratio
mom   1.00000000(0)  0.00000000(1)  0.14067414(2) -0.03449262(3)  0.07373929(4)
skewness  -0.65373965 kurtosis   0.72623664
 515.1200:   2.660000000000 (  2.660000000000) 110.00% load balance balance
 pass 8 of 15 with 1 ranks
target quality 0.1000
 554.2300:  39.110000000000 ( 39.110000000000) 110.00% load balance pass
 560.3000:   6.070000000000 (  6.070000000000) 110.00% load balance interp
 573.0600:  12.760000000000 ( 12.760000000000) 110.00% load balance crv const
nnode      72403 complexity      29679.1 ratio  2.44
volume range 8.332325e+02 1.367905e-08
  0.109 min quality
  0.354:      3431 *
  0.397:      3709 *
  0.445:      7606 *
  0.500:     15609 *
  0.561:     30716 *
  0.630:     56861 *
  0.707:     94617
  0.794:    120337
  0.891:     63774
  1.000:         0
  0.999:    396660 max quality
      0.7512225674 mean quality
  0.110 min edge ratio
  0.354:      2273 *
  0.397:      2236 *
  0.445:      4538 *
  0.500:      9016 *
  0.561:     18177 *
  0.630:     35449 *
  0.707:     55507
  0.794:     72669
  0.891:     81686
  1.000:     81986
  1.122:     67790
  1.260:     37434
  1.414:      7861
  1.587:       377 *
  1.782:        12 *
  2.000:         0
  1.887:    477011 max edge ratio
      0.9195601705 mean edge ratio
mom   1.00000000(0)  0.00000000(1)  0.13667670(2) -0.03330334(3)  0.07033257(4)
skewness  -0.65909212 kurtosis   0.76502188
 575.3400:   2.280000000000 (  2.280000000000) 110.00% load balance balance
 pass 9 of 15 with 1 ranks
target quality 0.1000
 613.8500:  38.510000000000 ( 38.510000000000) 110.00% load balance pass
 619.9300:   6.080000000000 (  6.080000000000) 110.00% load balance interp
 630.5000:  10.570000000000 ( 10.570000000000) 110.00% load balance crv const
nnode      71152 complexity      29676.5 ratio  2.40
volume range 9.702393e+02 2.113990e-08
  0.101 min quality
  0.354:      3215 *
  0.397:      3494 *
  0.445:      6917 *
  0.500:     14422 *
  0.561:     28515 *
  0.630:     54354 *
  0.707:     92266
  0.794:    120817
  0.891:     65456
  1.000:         0
  0.999:    389456 max quality
      0.7556735533 mean quality
  0.112 min edge ratio
  0.354:      2143 *
  0.397:      2104 *
  0.445:      4143 *
  0.500:      8058 *
  0.561:     17032 *
  0.630:     33787 *
  0.707:     53944
  0.794:     71260
  0.891:     81137
  1.000:     81721
  1.122:     67947
  1.260:     37358
  1.414:      7569
  1.587:       337 *
  1.782:        12 *
  2.000:         0
  1.927:    468552 max edge ratio
      0.9240310090 mean edge ratio
mom   1.00000000(0) -0.00000000(1)  0.13396866(2) -0.03350531(3)  0.06995380(4)
skewness  -0.68329600 kurtosis   0.89766850
 632.5600:   2.060000000000 (  2.060000000000) 110.00% load balance balance
 pass 10 of 15 with 1 ranks
target quality 0.1000
 670.2200:  37.660000000000 ( 37.660000000000) 110.00% load balance pass
 676.3100:   6.090000000000 (  6.090000000000) 110.00% load balance interp
 685.2300:   8.920000000000 (  8.920000000000) 110.00% load balance crv const
nnode      70024 complexity      29671.0 ratio  2.36
volume range 9.842415e+02 7.095216e-09
  0.100 min quality
  0.354:      2837 *
  0.397:      3132 *
  0.445:      6707 *
  0.500:     13347 *
  0.561:     27054 *
  0.630:     52016 *
  0.707:     89806
  0.794:    120758
  0.891:     67209
  1.000:         0
  0.999:    382866 max quality
      0.7596908631 mean quality
  0.109 min edge ratio
  0.354:      2067 *
  0.397:      1892 *
  0.445:      3687 *
  0.500:      7392 *
  0.561:     15939 *
  0.630:     32357 *
  0.707:     52463
  0.794:     70044
  0.891:     80264
  1.000:     81661
  1.122:     68078
  1.260:     37245
  1.414:      7409
  1.587:       326 *
  1.782:        16 *
  2.000:         0
  1.902:    460840 max edge ratio
      0.9283966323 mean edge ratio
mom   1.00000000(0) -0.00000000(1)  0.13107218(2) -0.03292028(3)  0.06784208(4)
skewness  -0.69374169 kurtosis   0.94891779
 687.1500:   1.920000000000 (  1.920000000000) 110.00% load balance balance
 pass 11 of 15 with 1 ranks
target quality 0.1000
 724.1800:  37.030000000000 ( 37.030000000000) 110.00% load balance pass
 730.2400:   6.060000000000 (  6.060000000000) 110.00% load balance interp
 739.4400:   9.200000000000 (  9.200000000000) 110.00% load balance crv const
nnode      69209 complexity      29669.5 ratio  2.33
volume range 1.002809e+03 1.299618e-08
  0.100 min quality
  0.354:      2578 *
  0.397:      2816 *
  0.445:      6279 *
  0.500:     12566 *
  0.561:     25988 *
  0.630:     50381 *
  0.707:     88575
  0.794:    120611
  0.891:     68239
  1.000:         0
  0.999:    378033 max quality
      0.7628891211 mean quality
  0.068 min edge ratio
  0.354:      1980 *
  0.397:      1856 *
  0.445:      3668 *
  0.500:      6969 *
  0.561:     15162 *
  0.630:     31438 *
  0.707:     51468
  0.794:     68891
  0.891:     79427
  1.000:     81500
  1.122:     67949
  1.260:     37218
  1.414:      7341
  1.587:       299 *
  1.782:         7 *
  2.000:         0
  1.885:    455173 max edge ratio
      0.9309289216 mean edge ratio
mom   1.00000000(0) -0.00000000(1)  0.13016343(2) -0.03334569(3)  0.06826887(4)
skewness  -0.71007837 kurtosis   1.02944078
 741.7400:   2.300000000000 (  2.300000000000) 110.00% load balance balance
 pass 12 of 15 with 1 ranks
target quality 0.1000
 779.7900:  38.050000000000 ( 38.050000000000) 110.00% load balance pass
 786.1500:   6.360000000000 (  6.360000000000) 110.00% load balance interp
 798.1900:  12.040000000000 ( 12.040000000000) 110.00% load balance crv const
nnode      68290 complexity      29668.0 ratio  2.30
volume range 9.195358e+02 1.462052e-08
  0.100 min quality
  0.354:      2257 *
  0.397:      2580 *
  0.445:      5824 *
  0.500:     11847 *
  0.561:     24424 *
  0.630:     48659 *
  0.707:     87136
  0.794:    120824
  0.891:     69404
  1.000:         0
  0.999:    372955 max quality
      0.7665258287 mean quality
  0.072 min edge ratio
  0.354:      1830 *
  0.397:      1719 *
  0.445:      3233 *
  0.500:      6539 *
  0.561:     14063 *
  0.630:     30434 *
  0.707:     50663
  0.794:     67960
  0.891:     78585
  1.000:     81448
  1.122:     67727
  1.260:     37419
  1.414:      7223
  1.587:       295 *
  1.782:         8 *
  2.000:         0
  1.897:    449146 max edge ratio
      0.9347398548 mean edge ratio
mom   1.00000000(0)  0.00000000(1)  0.12698686(2) -0.03131711(3)  0.06372983(4)
skewness  -0.69205953 kurtosis   0.95207513
 800.2500:   2.060000000000 (  2.060000000000) 110.00% load balance balance
 pass 13 of 15 with 1 ranks
target quality 0.1000
 837.8100:  37.560000000000 ( 37.560000000000) 110.00% load balance pass
 844.1300:   6.320000000000 (  6.320000000000) 110.00% load balance interp
 853.6000:   9.470000000000 (  9.470000000000) 110.00% load balance crv const
nnode      67530 complexity      29664.8 ratio  2.28
volume range 9.652482e+02 1.020944e-08
  0.107 min quality
  0.354:      2279 *
  0.397:      2447 *
  0.445:      5203 *
  0.500:     11147 *
  0.561:     23416 *
  0.630:     47525 *
  0.707:     85481
  0.794:    120832
  0.891:     70246
  1.000:         0
  1.000:    368576 max quality
      0.7690662490 mean quality
  0.092 min edge ratio
  0.354:      1720 *
  0.397:      1538 *
  0.445:      3055 *
  0.500:      6041 *
  0.561:     13518 *
  0.630:     29716 *
  0.707:     49308
  0.794:     67217
  0.891:     77927
  1.000:     81270
  1.122:     67835
  1.260:     37371
  1.414:      7196
  1.587:       272 *
  1.782:         8 *
  2.000:         0
  1.861:    443992 max edge ratio
      0.9378417623 mean edge ratio
mom   1.00000000(0)  0.00000000(1)  0.12502713(2) -0.03071334(3)  0.06221919(4)
skewness  -0.69473729 kurtosis   0.98030014
 855.5400:   1.930000000000 (  1.930000000000) 110.00% load balance balance
 pass 14 of 15 with 1 ranks
target quality 0.1000
 892.0200:  36.480000000000 ( 36.480000000000) 110.00% load balance pass
 898.3600:   6.340000000000 (  6.340000000000) 110.00% load balance interp
 907.8600:   9.500000000000 (  9.500000000000) 110.00% load balance crv const
nnode      66891 complexity      29663.6 ratio  2.25
volume range 9.408222e+02 1.934764e-08
  0.137 min quality
  0.354:      1999 *
  0.397:      2238 *
  0.445:      4913 *
  0.500:     10671 *
  0.561:     22483 *
  0.630:     46217 *
  0.707:     84853
  0.794:    120479
  0.891:     71063
  1.000:         0
  0.999:    364916 max quality
      0.7718121905 mean quality
  0.141 min edge ratio
  0.354:      1568 *
  0.397:      1500 *
  0.445:      2885 *
  0.500:      5826 *
  0.561:     12845 *
  0.630:     29121 *
  0.707:     48442
  0.794:     66370
  0.891:     77428
  1.000:     81146
  1.122:     67719
  1.260:     37202
  1.414:      7262
  1.587:       297 *
  1.782:        10 *
  2.000:         0
  1.904:    439621 max edge ratio
      0.9403648175 mean edge ratio
mom   1.00000000(0)  0.00000000(1)  0.12331618(2) -0.02968826(3)  0.05983521(4)
skewness  -0.68557449 kurtosis   0.93474576
 909.7800:   1.920000000000 (  1.920000000000) 110.00% load balance balance
CAD topo node max eval dist 0.000000e+00
CAD topo edge max eval dist 2.026213e-12
CAD topo face max eval dist 9.297886e-06
 909.7800:   0.000000000000 (  0.000000000000) 110.00% load balance verify final params
 909.8700:   0.090000000000 (  0.090000000000) 110.00% load balance gather b8.ugrid
 909.9400:   0.070000000000 (  0.070000000000) 110.00% load balance gather meshb
 910.4300:   0.490000000000 (  0.490000000000) 110.00% load balance tec
