
 /ump/fldmd/home/mpark/refine/egads/src/ref_driver -i ../hsc10.meshb -g /ump/fldmd/home/mpark/cases/ugawg-solution-adapt-cases/hemisphere-cylinder/geometry/hemisph-cyl.egads -m hsc10-metric.sol -o out

CAD topo node max eval dist 0.000000e+00
CAD topo edge max eval dist 2.026213e-12
CAD topo face max eval dist 9.330104e-06
   0.5300:   0.530000000000 (  0.530000000000) 110.00% load balance read grid
nnode     207825 complexity     100094.8 ratio  2.08
volume range 1.022475e+03 2.671813e-12
  0.004 min quality
  0.354:     16980 *
  0.397:     13233 *
  0.445:     26603 *
  0.500:     53169 *
  0.561:    101114 *
  0.630:    175264 *
  0.707:    267579
  0.794:    324630
  0.891:    172958
  1.000:         0
  1.000:   1151530 max quality
      0.7363971538 mean quality
  0.056 min edge ratio
  0.354:      8467 *
  0.397:      7716 *
  0.445:     13689 *
  0.500:     25548 *
  0.561:     47997 *
  0.630:     86102 *
  0.707:    133740
  0.794:    177396
  0.891:    210567
  1.000:    224326
  1.122:    204283
  1.260:    142365
  1.414:     67034
  1.587:     19899 *
  1.782:      4633 *
  2.000:       931 *
  2.245:       203 *
  2.520:        47 *
  3.166:   1374943 max edge ratio
      0.9621407766 mean edge ratio
mom   1.00000000(0) -0.00000000(1)  0.17051237(2) -0.04217766(3)  0.11097831(4)
skewness  -0.59903008 kurtosis   0.81703658
  46.5700:  46.040000000000 ( 46.040000000000) 110.00% load balance crv const
 pass 0 of 15 with 1 ranks
target quality 0.0036
 167.6300: 121.060000000000 (121.060000000000) 110.00% load balance pass
 259.0700:  91.440000000000 ( 91.440000000000) 110.00% load balance interp
 305.0000:  45.930000000000 ( 45.930000000000) 110.00% load balance crv const
nnode     249751 complexity      99834.4 ratio  2.50
volume range 1.020436e+03 3.889404e-13
  0.002 min quality
  0.354:     17393 *
  0.397:     14413 *
  0.445:     30031 *
  0.500:     64839 *
  0.561:    131579 *
  0.630:    228389 *
  0.707:    323925
  0.794:    361534
  0.891:    183653
  1.000:         0
  1.000:   1355756 max quality
      0.7311922502 mean quality
  0.033 min edge ratio
  0.354:     16434 *
  0.397:     15382 *
  0.445:     25770 *
  0.500:     42493 *
  0.561:     71499 *
  0.630:    121347 *
  0.707:    185413
  0.794:    232820
  0.891:    253431
  1.000:    251272
  1.122:    216652
  1.260:    140590
  1.414:     44215
  1.587:      4134 *
  1.782:       334 *
  2.000:        17 *
  2.245:         1 *
  2.520:         0
  2.382:   1621804 max edge ratio
      0.9062868369 mean edge ratio
mom   1.00000000(0) -0.00000000(1)  0.17439113(2) -0.05311738(3)  0.11856564(4)
skewness  -0.72937362 kurtosis   0.89861247
 313.0300:   8.030000000000 (  8.030000000000) 110.00% load balance balance
 pass 1 of 15 with 1 ranks
target quality 0.0023
 434.8100: 121.780000000000 (121.780000000000) 110.00% load balance pass
 503.0300:  68.220000000000 ( 68.220000000000) 110.00% load balance interp
 548.7200:  45.690000000000 ( 45.690000000000) 110.00% load balance crv const
nnode     243643 complexity      99741.9 ratio  2.44
volume range 1.018999e+03 7.868704e-13
  0.003 min quality
  0.354:     16833 *
  0.397:     13045 *
  0.445:     27531 *
  0.500:     57597 *
  0.561:    117398 *
  0.630:    212492 *
  0.707:    322084
  0.794:    374011
  0.891:    193803
  1.000:         0
  0.999:   1334794 max quality
      0.7385097917 mean quality
  0.064 min edge ratio
  0.354:     12931 *
  0.397:     12350 *
  0.445:     21820 *
  0.500:     39051 *
  0.561:     68550 *
  0.630:    119811 *
  0.707:    180599
  0.794:    228368
  0.891:    253382
  1.000:    254881
  1.122:    220836
  1.260:    138678
  1.414:     39633
  1.587:      3646 *
  1.782:       319 *
  2.000:        15 *
  2.245:         0
  2.238:   1594870 max edge ratio
      0.9128206639 mean edge ratio
mom   1.00000000(0)  0.00000000(1)  0.16418315(2) -0.04761398(3)  0.10504837(4)
skewness  -0.71571745 kurtosis   0.89701569
 556.8700:   8.150000000000 (  8.150000000000) 110.00% load balance balance
 pass 2 of 15 with 1 ranks
target quality 0.0025
 676.9600: 120.090000000000 (120.090000000000) 110.00% load balance pass
 737.9200:  60.960000000000 ( 60.960000000000) 110.00% load balance interp
 782.2000:  44.280000000000 ( 44.280000000000) 110.00% load balance crv const
nnode     240191 complexity      99663.0 ratio  2.41
volume range 1.018233e+03 1.114404e-12
  0.003 min quality
  0.354:     16009 *
  0.397:     12328 *
  0.445:     25565 *
  0.500:     53876 *
  0.561:    110961 *
  0.630:    203878 *
  0.707:    317945
  0.794:    379827
  0.891:    201252
  1.000:         0
  0.999:   1321641 max quality
      0.7430493580 mean quality
  0.035 min edge ratio
  0.354:     11413 *
  0.397:     10745 *
  0.445:     20106 *
  0.500:     36065 *
  0.561:     66178 *
  0.630:    117704 *
  0.707:    178312
  0.794:    226699
  0.891:    253394
  1.000:    258131
  1.122:    222303
  1.260:    136594
  1.414:     37247
  1.587:      3137 *
  1.782:       254 *
  2.000:        19 *
  2.245:         0
  2.114:   1578301 max edge ratio
      0.9165416504 mean edge ratio
mom   1.00000000(0)  0.00000000(1)  0.15832213(2) -0.04509913(3)  0.09861794(4)
skewness  -0.71590549 kurtosis   0.93434713
 790.3600:   8.160000000000 (  8.160000000000) 110.00% load balance balance
 pass 3 of 15 with 1 ranks
target quality 0.0027
 911.2000: 120.840000000000 (120.840000000000) 110.00% load balance pass
 967.1000:  55.900000000000 ( 55.900000000000) 110.00% load balance interp
1013.0700:  45.970000000000 ( 45.970000000000) 110.00% load balance crv const
nnode     238434 complexity      99598.0 ratio  2.39
volume range 1.017903e+03 8.350981e-13
  0.003 min quality
  0.354:     16009 *
  0.397:     12205 *
  0.445:     25216 *
  0.500:     52588 *
  0.561:    106745 *
  0.630:    198365 *
  0.707:    314664
  0.794:    382558
  0.891:    205992
  1.000:         0
  0.999:   1314342 max quality
      0.7450570757 mean quality
  0.041 min edge ratio
  0.354:     11229 *
  0.397:     10258 *
  0.445:     19070 *
  0.500:     34597 *
  0.561:     64741 *
  0.630:    116321 *
  0.707:    175831
  0.794:    225839
  0.891:    253805
  1.000:    260418
  1.122:    223103
  1.260:    135158
  1.414:     35605
  1.587:      3088 *
  1.782:       247 *
  2.000:        10 *
  2.245:         0
  2.151:   1569320 max edge ratio
      0.9181529092 mean edge ratio
mom   1.00000000(0)  0.00000000(1)  0.15612357(2) -0.04527975(3)  0.09823817(4)
skewness  -0.73400883 kurtosis   1.03035492
1020.7400:   7.670000000000 (  7.670000000000) 110.00% load balance balance
 pass 4 of 15 with 1 ranks
target quality 0.0030
1141.0700: 120.330000000000 (120.330000000000) 110.00% load balance pass
1199.8200:  58.750000000000 ( 58.750000000000) 110.00% load balance interp
1244.5900:  44.770000000000 ( 44.770000000000) 110.00% load balance crv const
nnode     236776 complexity      99552.7 ratio  2.38
volume range 1.017801e+03 5.696195e-13
  0.003 min quality
  0.354:     15555 *
  0.397:     12052 *
  0.445:     24473 *
  0.500:     50812 *
  0.561:    104504 *
  0.630:    194489 *
  0.707:    311472
  0.794:    384909
  0.891:    209032
  1.000:         0
  0.999:   1307298 max quality
      0.7469848131 mean quality
  0.033 min edge ratio
  0.354:     10999 *
  0.397:     10080 *
  0.445:     18262 *
  0.500:     33620 *
  0.561:     63293 *
  0.630:    114466 *
  0.707:    174216
  0.794:    223699
  0.891:    254925
  1.000:    261055
  1.122:    224199
  1.260:    134289
  1.414:     34340
  1.587:      2936 *
  1.782:       242 *
  2.000:        12 *
  2.245:         2 *
  2.520:         0
  2.408:   1560635 max edge ratio
      0.9196666297 mean edge ratio
mom   1.00000000(0)  0.00000000(1)  0.15441105(2) -0.04499373(3)  0.09630927(4)
skewness  -0.74153974 kurtosis   1.03934867
1252.7500:   8.160000000000 (  8.160000000000) 110.00% load balance balance
 pass 5 of 15 with 1 ranks
target quality 0.0033
1374.8200: 122.070000000000 (122.070000000000) 110.00% load balance pass
1432.7100:  57.890000000000 ( 57.890000000000) 110.00% load balance interp
1475.2700:  42.560000000000 ( 42.560000000000) 110.00% load balance crv const
nnode     235787 complexity      99508.7 ratio  2.37
volume range 1.017796e+03 1.095170e-12
  0.003 min quality
  0.354:     15937 *
  0.397:     12052 *
  0.445:     24395 *
  0.500:     50532 *
  0.561:    102519 *
  0.630:    191479 *
  0.707:    308232
  0.794:    386649
  0.891:    211618
  1.000:         0
  0.999:   1303413 max quality
      0.7478551324 mean quality
  0.034 min edge ratio
  0.354:     11194 *
  0.397:      9751 *
  0.445:     17996 *
  0.500:     32475 *
  0.561:     62074 *
  0.630:    113010 *
  0.707:    173839
  0.794:    223325
  0.891:    255092
  1.000:    262428
  1.122:    224851
  1.260:    132855
  1.414:     33768
  1.587:      2847 *
  1.782:       206 *
  2.000:        12 *
  2.245:         0
  2.209:   1555723 max edge ratio
      0.9205161535 mean edge ratio
mom   1.00000000(0) -0.00000000(1)  0.15331783(2) -0.04550082(3)  0.09678771(4)
skewness  -0.75793197 kurtosis   1.11751219
1482.7000:   7.430000000000 (  7.430000000000) 110.00% load balance balance
 pass 6 of 15 with 1 ranks
target quality 0.0033
1599.0400: 116.340000000000 (116.340000000000) 110.00% load balance pass
1650.5100:  51.470000000000 ( 51.470000000000) 110.00% load balance interp
1692.8400:  42.330000000000 ( 42.330000000000) 110.00% load balance crv const
nnode     234427 complexity      99485.9 ratio  2.36
volume range 1.017832e+03 6.750170e-13
  0.003 min quality
  0.354:     15586 *
  0.397:     11660 *
  0.445:     23860 *
  0.500:     49803 *
  0.561:    100866 *
  0.630:    188637 *
  0.707:    305917
  0.794:    386512
  0.891:    214236
  1.000:         0
  0.999:   1297077 max quality
      0.7492126700 mean quality
  0.061 min edge ratio
  0.354:     10895 *
  0.397:      9592 *
  0.445:     17534 *
  0.500:     31845 *
  0.561:     60435 *
  0.630:    111722 *
  0.707:    172763
  0.794:    222545
  0.891:    254309
  1.000:    262693
  1.122:    224424
  1.260:    132620
  1.414:     33701
  1.587:      2748 *
  1.782:       205 *
  2.000:        12 *
  2.245:         2 *
  2.520:         0
  2.323:   1548045 max edge ratio
      0.9218395778 mean edge ratio
mom   1.00000000(0) -0.00000000(1)  0.15218353(2) -0.04524973(3)  0.09579851(4)
skewness  -0.76219231 kurtosis   1.13640898
1700.4100:   7.570000000000 (  7.570000000000) 110.00% load balance balance
 pass 7 of 15 with 1 ranks
target quality 0.0033
1819.8800: 119.470000000000 (119.470000000000) 110.00% load balance pass
1878.6400:  58.760000000000 ( 58.760000000000) 110.00% load balance interp
1920.9800:  42.340000000000 ( 42.340000000000) 110.00% load balance crv const
nnode     233474 complexity      99454.3 ratio  2.35
volume range 1.017879e+03 1.756531e-12
  0.003 min quality
  0.354:     15075 *
  0.397:     11472 *
  0.445:     23335 *
  0.500:     48745 *
  0.561:     99911 *
  0.630:    187069 *
  0.707:    304455
  0.794:    386987
  0.891:    215620
  1.000:         0
  1.000:   1292669 max quality
      0.7502371514 mean quality
  0.072 min edge ratio
  0.354:     10536 *
  0.397:      9356 *
  0.445:     17248 *
  0.500:     31466 *
  0.561:     59538 *
  0.630:    110856 *
  0.707:    171560
  0.794:    222373
  0.891:    253684
  1.000:    262589
  1.122:    225177
  1.260:    132192
  1.414:     33248
  1.587:      2674 *
  1.782:       204 *
  2.000:         3 *
  2.245:         0
  2.068:   1542704 max edge ratio
      0.9228212706 mean edge ratio
mom   1.00000000(0)  0.00000000(1)  0.15095811(2) -0.04432896(3)  0.09313145(4)
skewness  -0.75579291 kurtosis   1.08680046
1928.4300:   7.450000000000 (  7.450000000000) 110.00% load balance balance
 pass 8 of 15 with 1 ranks
target quality 0.0033
2045.1500: 116.720000000000 (116.720000000000) 110.00% load balance pass
2100.1100:  54.960000000000 ( 54.960000000000) 110.00% load balance interp
2142.0300:  41.920000000000 ( 41.920000000000) 110.00% load balance crv const
nnode     233019 complexity      99431.3 ratio  2.34
volume range 1.017926e+03 2.200072e-12
  0.004 min quality
  0.354:     15182 *
  0.397:     11536 *
  0.445:     23278 *
  0.500:     48392 *
  0.561:     99001 *
  0.630:    185641 *
  0.707:    303400
  0.794:    387122
  0.891:    216871
  1.000:         0
  1.000:   1290423 max quality
      0.7506796947 mean quality
  0.058 min edge ratio
  0.354:     10445 *
  0.397:      9372 *
  0.445:     17006 *
  0.500:     31179 *
  0.561:     59027 *
  0.630:    110566 *
  0.707:    171128
  0.794:    221985
  0.891:    253518
  1.000:    262926
  1.122:    225383
  1.260:    131669
  1.414:     32919
  1.587:      2698 *
  1.782:       198 *
  2.000:        13 *
  2.245:         0
  2.095:   1540032 max edge ratio
      0.9231631797 mean edge ratio
mom   1.00000000(0)  0.00000000(1)  0.15054599(2) -0.04442604(3)  0.09344779(4)
skewness  -0.76056057 kurtosis   1.12316428
2149.3700:   7.340000000000 (  7.340000000000) 110.00% load balance balance
 pass 9 of 15 with 1 ranks
target quality 0.0035
2266.8100: 117.440000000000 (117.440000000000) 110.00% load balance pass
2321.8200:  55.010000000000 ( 55.010000000000) 110.00% load balance interp
2363.7800:  41.960000000000 ( 41.960000000000) 110.00% load balance crv const
nnode     232147 complexity      99413.0 ratio  2.34
volume range 1.017967e+03 3.741668e-12
  0.004 min quality
  0.354:     15124 *
  0.397:     11377 *
  0.445:     22802 *
  0.500:     48021 *
  0.561:     98277 *
  0.630:    184099 *
  0.707:    301432
  0.794:    387461
  0.891:    217672
  1.000:         0
  1.000:   1286265 max quality
      0.7513006270 mean quality
  0.030 min edge ratio
  0.354:     10480 *
  0.397:      9080 *
  0.445:     16790 *
  0.500:     30406 *
  0.561:     58585 *
  0.630:    109764 *
  0.707:    170166
  0.794:    220844
  0.891:    252941
  1.000:    263866
  1.122:    224646
  1.260:    131636
  1.414:     32854
  1.587:      2704 *
  1.782:       183 *
  2.000:         4 *
  2.245:         0
  2.071:   1534949 max edge ratio
      0.9240062307 mean edge ratio
mom   1.00000000(0)  0.00000000(1)  0.15006216(2) -0.04462849(3)  0.09386796(4)
skewness  -0.76772455 kurtosis   1.16845401
2371.1400:   7.360000000000 (  7.360000000000) 110.00% load balance balance
 pass 10 of 15 with 1 ranks
target quality 0.0035
2487.5500: 116.410000000000 (116.410000000000) 110.00% load balance pass
2544.7700:  57.220000000000 ( 57.220000000000) 110.00% load balance interp
2586.2800:  41.510000000000 ( 41.510000000000) 110.00% load balance crv const
nnode     231418 complexity      99388.5 ratio  2.33
volume range 1.018001e+03 3.448028e-12
  0.004 min quality
  0.354:     15151 *
  0.397:     11375 *
  0.445:     22694 *
  0.500:     47442 *
  0.561:     96910 *
  0.630:    183134 *
  0.707:    299631
  0.794:    386521
  0.891:    219702
  1.000:         0
  1.000:   1282560 max quality
      0.7518929776 mean quality
  0.066 min edge ratio
  0.354:     10323 *
  0.397:      9185 *
  0.445:     16531 *
  0.500:     29820 *
  0.561:     57562 *
  0.630:    109206 *
  0.707:    168928
  0.794:    220312
  0.891:    253421
  1.000:    262837
  1.122:    225417
  1.260:    131793
  1.414:     32435
  1.587:      2531 *
  1.782:       213 *
  2.000:        22 *
  2.245:         0
  2.204:   1530536 max edge ratio
      0.9248116485 mean edge ratio
mom   1.00000000(0)  0.00000000(1)  0.14936357(2) -0.04453755(3)  0.09308899(4)
skewness  -0.77154149 kurtosis   1.17262107
2593.6900:   7.410000000000 (  7.410000000000) 110.00% load balance balance
 pass 11 of 15 with 1 ranks
target quality 0.0036
2711.1200: 117.430000000000 (117.430000000000) 110.00% load balance pass
2765.7800:  54.660000000000 ( 54.660000000000) 110.00% load balance interp
2807.0900:  41.310000000000 ( 41.310000000000) 110.00% load balance crv const
nnode     230803 complexity      99373.2 ratio  2.32
volume range 1.018028e+03 2.087384e-12
  0.004 min quality
  0.354:     14870 *
  0.397:     10906 *
  0.445:     22439 *
  0.500:     47106 *
  0.561:     97087 *
  0.630:    181559 *
  0.707:    298441
  0.794:    386929
  0.891:    220384
  1.000:         0
  1.000:   1279721 max quality
      0.7525516086 mean quality
  0.038 min edge ratio
  0.354:     10255 *
  0.397:      9077 *
  0.445:     16618 *
  0.500:     29476 *
  0.561:     56940 *
  0.630:    108341 *
  0.707:    168486
  0.794:    220155
  0.891:    253294
  1.000:    262633
  1.122:    225007
  1.260:    131578
  1.414:     32464
  1.587:      2521 *
  1.782:       185 *
  2.000:         7 *
  2.245:         0
  2.090:   1527037 max edge ratio
      0.9253216435 mean edge ratio
mom   1.00000000(0)  0.00000000(1)  0.14907722(2) -0.04457986(3)  0.09322607(4)
skewness  -0.77450062 kurtosis   1.19483443
2814.3600:   7.270000000000 (  7.270000000000) 110.00% load balance balance
 pass 12 of 15 with 1 ranks
target quality 0.0036
2931.1900: 116.830000000000 (116.830000000000) 110.00% load balance pass
2986.9300:  55.740000000000 ( 55.740000000000) 110.00% load balance interp
3028.5300:  41.600000000000 ( 41.600000000000) 110.00% load balance crv const
nnode     230225 complexity      99354.7 ratio  2.32
volume range 1.018049e+03 1.472717e-12
  0.006 min quality
  0.354:     14450 *
  0.397:     11030 *
  0.445:     21980 *
  0.500:     46749 *
  0.561:     96071 *
  0.630:    181577 *
  0.707:    297866
  0.794:    385298
  0.891:    221578
  1.000:         0
  0.999:   1276599 max quality
      0.7531627923 mean quality
  0.071 min edge ratio
  0.354:     10207 *
  0.397:      9011 *
  0.445:     16226 *
  0.500:     29069 *
  0.561:     56538 *
  0.630:    107414 *
  0.707:    167867
  0.794:    219370
  0.891:    253429
  1.000:    262446
  1.122:    225050
  1.260:    131679
  1.414:     32278
  1.587:      2519 *
  1.782:       183 *
  2.000:         6 *
  2.245:         1 *
  2.520:         0
  2.251:   1523293 max edge ratio
      0.9259715157 mean edge ratio
mom   1.00000000(0) -0.00000000(1)  0.14853186(2) -0.04445616(3)  0.09242729(4)
skewness  -0.77660918 kurtosis   1.18948861
3035.8800:   7.350000000000 (  7.350000000000) 110.00% load balance balance
 pass 13 of 15 with 1 ranks
target quality 0.0062
3153.7900: 117.910000000000 (117.910000000000) 110.00% load balance pass
3210.0100:  56.220000000000 ( 56.220000000000) 110.00% load balance interp
3251.7500:  41.740000000000 ( 41.740000000000) 110.00% load balance crv const
nnode     229590 complexity      99343.8 ratio  2.31
volume range 1.018065e+03 2.165066e-12
  0.006 min quality
  0.354:     14445 *
  0.397:     10965 *
  0.445:     21790 *
  0.500:     46670 *
  0.561:     95428 *
  0.630:    179610 *
  0.707:    296949
  0.794:    385830
  0.891:    221352
  1.000:         0
  0.999:   1273039 max quality
      0.7534511628 mean quality
  0.050 min edge ratio
  0.354:      9896 *
  0.397:      8973 *
  0.445:     15821 *
  0.500:     28967 *
  0.561:     55636 *
  0.630:    107139 *
  0.707:    167432
  0.794:    218513
  0.891:    252861
  1.000:    262266
  1.122:    225115
  1.260:    131507
  1.414:     32327
  1.587:      2513 *
  1.782:       191 *
  2.000:         7 *
  2.245:         2 *
  2.520:         0
  2.396:   1519166 max edge ratio
      0.9267974184 mean edge ratio
mom   1.00000000(0) -0.00000000(1)  0.14782595(2) -0.04398339(3)  0.09172078(4)
skewness  -0.77386040 kurtosis   1.19726476
3259.0800:   7.330000000000 (  7.330000000000) 110.00% load balance balance
 pass 14 of 15 with 1 ranks
target quality 0.0062
3377.2300: 118.150000000000 (118.150000000000) 110.00% load balance pass
3431.7200:  54.490000000000 ( 54.490000000000) 110.00% load balance interp
3473.4400:  41.720000000000 ( 41.720000000000) 110.00% load balance crv const
nnode     229400 complexity      99320.5 ratio  2.31
volume range 1.271343e+03 1.912492e-12
  0.006 min quality
  0.354:     14413 *
  0.397:     10727 *
  0.445:     21982 *
  0.500:     46485 *
  0.561:     95553 *
  0.630:    179491 *
  0.707:    295839
  0.794:    386143
  0.891:    221113
  1.000:         0
  0.999:   1271746 max quality
      0.7535354667 mean quality
  0.047 min edge ratio
  0.354:     10044 *
  0.397:      8884 *
  0.445:     15816 *
  0.500:     28885 *
  0.561:     55466 *
  0.630:    107282 *
  0.707:    166705
  0.794:    219088
  0.891:    251976
  1.000:    262184
  1.122:    224845
  1.260:    131525
  1.414:     32247
  1.587:      2556 *
  1.782:       183 *
  2.000:        14 *
  2.245:         0
  2.224:   1517700 max edge ratio
      0.9268090957 mean edge ratio
mom   1.00000000(0) -0.00000000(1)  0.14797284(2) -0.04407477(3)  0.09158224(4)
skewness  -0.77431384 kurtosis   1.18260879
3480.8400:   7.400000000000 (  7.400000000000) 110.00% load balance balance
CAD topo node max eval dist 0.000000e+00
CAD topo edge max eval dist 2.026213e-12
CAD topo face max eval dist 9.330324e-06
3480.8400:   0.000000000000 (  0.000000000000) 110.00% load balance verify final params
3481.0800:   0.240000000000 (  0.240000000000) 110.00% load balance gather b8.ugrid
3481.3200:   0.240000000000 (  0.240000000000) 110.00% load balance gather meshb
3483.0300:   1.710000000000 (  1.710000000000) 110.00% load balance tec
