
 /ump/fldmd/home/mpark/refine/egads/src/ref_driver -i ../onera03.meshb -g /ump/fldmd/home/mpark/cases/ugawg-solution-adapt-cases/onera-m6/geometry/onera-m6-sharp-te.egads -m onera03-metric.sol -o out

CAD topo node max eval dist 0.000000e+00
CAD topo edge max eval dist 1.398448e-06
CAD topo face max eval dist 1.187016e-04
   0.1800:   0.180000000000 (  0.180000000000) 110.00% load balance read grid
nnode      54897 complexity      32686.7 ratio  1.68
volume range 1.839412e+03 4.692560e-16
 -0.000 min quality
  0.354:     28317 *
  0.397:     13225 *
  0.445:     18312 *
  0.500:     25218 *
  0.561:     34593 *
  0.630:     45184 *
  0.707:     55111
  0.794:     54038
  0.891:     23301
  1.000:         0
  0.998:    297299 max quality
      0.6293471836 mean quality
  0.080 min edge ratio
  0.354:      4505 *
  0.397:      3579 *
  0.445:      6012 *
  0.500:      9771 *
  0.561:     15650 *
  0.630:     23272 *
  0.707:     32204
  0.794:     39752
  0.891:     44690
  1.000:     45002
  1.122:     38902
  1.260:     29375
  1.414:     20309
  1.587:     13998 *
  1.782:     10318 *
  2.000:      7628 *
  2.245:      5831 *
  2.520:      9522 *
  6.202:    360320 max edge ratio
      1.0167689770 mean edge ratio
mom   1.00000000(0)  0.00000000(1)  0.36225265(2)  0.04371244(3)  0.47527908(4)
skewness   0.20048769 kurtosis   0.62180905
  11.9300:  11.750000000000 ( 11.750000000000) 110.00% load balance crv const
 pass 0 of 15 with 1 ranks
target quality 0.0010
  69.2100:  57.280000000000 ( 57.280000000000) 110.00% load balance pass
  88.8400:  19.630000000000 ( 19.630000000000) 110.00% load balance interp
 106.7800:  17.940000000000 ( 17.940000000000) 110.00% load balance crv const
nnode     107219 complexity      32311.6 ratio  3.32
volume range 1.965174e+03 1.034756e-15
  0.055 min quality
  0.354:     33208 *
  0.397:     24030 *
  0.445:     39207 *
  0.500:     59876 *
  0.561:     82906 *
  0.630:    102176 *
  0.707:    107465
  0.794:     89611
  0.891:     33916
  1.000:         0
  0.999:    572395 max quality
      0.6366417457 mean quality
  0.065 min edge ratio
  0.354:     18267 *
  0.397:     14155 *
  0.445:     21273 *
  0.500:     30482 *
  0.561:     41522 *
  0.630:     57499 *
  0.707:     78159
  0.794:     93836
  0.891:     96863
  1.000:     87547
  1.122:     70063
  1.260:     47454
  1.414:     21383
  1.587:      6852 *
  1.782:      2781 *
  2.000:       937 *
  2.245:       250 *
  2.520:        58 *
  3.596:    689381 max edge ratio
      0.8510711597 mean edge ratio
mom   1.00000000(0)  0.00000000(1)  0.24959006(2) -0.06806885(3)  0.21465472(4)
skewness  -0.54589291 kurtosis   0.44576653
 110.0600:   3.280000000000 (  3.280000000000) 110.00% load balance balance
 pass 1 of 15 with 1 ranks
target quality 0.0546
 170.5200:  60.460000000000 ( 60.460000000000) 110.00% load balance pass
 192.4900:  21.970000000000 ( 21.970000000000) 110.00% load balance interp
 218.9200:  26.430000000000 ( 26.430000000000) 110.00% load balance crv const
nnode     112048 complexity      32302.8 ratio  3.47
volume range 2.108308e+03 1.010712e-15
  0.070 min quality
  0.354:     25305 *
  0.397:     21544 *
  0.445:     36242 *
  0.500:     56552 *
  0.561:     82161 *
  0.630:    107994 *
  0.707:    121167
  0.794:    106231
  0.891:     41182
  1.000:         0
  1.000:    598378 max quality
      0.6563564728 mean quality
  0.047 min edge ratio
  0.354:     19686 *
  0.397:     14631 *
  0.445:     22565 *
  0.500:     33076 *
  0.561:     46738 *
  0.630:     64509 *
  0.707:     86941
  0.794:    102647
  0.891:    103363
  1.000:     93173
  1.122:     73000
  1.260:     45145
  1.414:     13658
  1.587:      1031 *
  1.782:        70 *
  2.000:         7 *
  2.245:         0
  2.076:    720240 max edge ratio
      0.8296134504 mean edge ratio
mom   1.00000000(0) -0.00000000(1)  0.22693029(2) -0.07577201(3)  0.18419577(4)
skewness  -0.70092264 kurtosis   0.57680044
 223.1600:   4.240000000000 (  4.240000000000) 110.00% load balance balance
 pass 2 of 15 with 1 ranks
target quality 0.0701
 281.5100:  58.350000000000 ( 58.350000000000) 110.00% load balance pass
 304.0800:  22.570000000000 ( 22.570000000000) 110.00% load balance interp
 322.9600:  18.880000000000 ( 18.880000000000) 110.00% load balance crv const
nnode     103165 complexity      32307.0 ratio  3.19
volume range 2.088093e+03 1.004012e-15
  0.070 min quality
  0.354:     16810 *
  0.397:     15112 *
  0.445:     26675 *
  0.500:     45045 *
  0.561:     70040 *
  0.630:     99806 *
  0.707:    122929
  0.794:    114934
  0.891:     47250
  1.000:         0
  0.999:    558601 max quality
      0.6802821785 mean quality
  0.030 min edge ratio
  0.354:     11600 *
  0.397:     10386 *
  0.445:     17607 *
  0.500:     27636 *
  0.561:     42059 *
  0.630:     60345 *
  0.707:     82138
  0.794:     98065
  0.891:    100511
  1.000:     92598
  1.122:     73118
  1.260:     43189
  1.414:     11469
  1.587:       659 *
  1.782:        29 *
  2.000:         2 *
  2.245:         0
  2.036:    671411 max edge ratio
      0.8491639678 mean edge ratio
mom   1.00000000(0) -0.00000000(1)  0.19793166(2) -0.05808371(3)  0.13873812(4)
skewness  -0.65960119 kurtosis   0.54132092
 326.4400:   3.480000000000 (  3.480000000000) 110.00% load balance balance
 pass 3 of 15 with 1 ranks
target quality 0.0703
 380.4400:  54.000000000000 ( 54.000000000000) 110.00% load balance pass
 403.0500:  22.610000000000 ( 22.610000000000) 110.00% load balance interp
 418.4800:  15.430000000000 ( 15.430000000000) 110.00% load balance crv const
nnode      96304 complexity      32313.7 ratio  2.98
volume range 2.081894e+03 1.000729e-15
  0.070 min quality
  0.354:     12831 *
  0.397:     11721 *
  0.445:     21100 *
  0.500:     36624 *
  0.561:     59605 *
  0.630:     91120 *
  0.707:    120104
  0.794:    120408
  0.891:     52375
  1.000:         0
  0.999:    525888 max quality
      0.6968705107 mean quality
  0.026 min edge ratio
  0.354:      7667 *
  0.397:      7611 *
  0.445:     13681 *
  0.500:     22714 *
  0.561:     36478 *
  0.630:     55503 *
  0.707:     77327
  0.794:     93875
  0.891:     98274
  1.000:     92341
  1.122:     73381
  1.260:     41840
  1.414:     10432
  1.587:       550 *
  1.782:        21 *
  2.000:         0
  1.961:    631695 max edge ratio
      0.8661980830 mean edge ratio
mom   1.00000000(0) -0.00000000(1)  0.17977404(2) -0.05038801(3)  0.11711748(4)
skewness  -0.66105367 kurtosis   0.62382979
 421.4100:   2.930000000000 (  2.930000000000) 110.00% load balance balance
 pass 4 of 15 with 1 ranks
target quality 0.0703
 473.6200:  52.210000000000 ( 52.210000000000) 110.00% load balance pass
 496.4900:  22.870000000000 ( 22.870000000000) 110.00% load balance interp
 515.5000:  19.010000000000 ( 19.010000000000) 110.00% load balance crv const
nnode      90766 complexity      32319.5 ratio  2.81
volume range 2.078327e+03 1.000729e-15
  0.070 min quality
  0.354:     10098 *
  0.397:      9215 *
  0.445:     17107 *
  0.500:     30304 *
  0.561:     51748 *
  0.630:     83082 *
  0.707:    115874
  0.794:    124223
  0.891:     56579
  1.000:         0
  0.999:    498230 max quality
      0.7108011365 mean quality
  0.026 min edge ratio
  0.354:      5302 *
  0.397:      5501 *
  0.445:     10597 *
  0.500:     18544 *
  0.561:     31815 *
  0.630:     50812 *
  0.707:     73437
  0.794:     89611
  0.891:     96098
  1.000:     91804
  1.122:     73262
  1.260:     41181
  1.414:      9873
  1.587:       467 *
  1.782:        19 *
  2.000:         0
  1.946:    598323 max edge ratio
      0.8813918891 mean edge ratio
mom   1.00000000(0)  0.00000000(1)  0.16539441(2) -0.04408973(3)  0.10104087(4)
skewness  -0.65547517 kurtosis   0.69364747
 518.4400:   2.940000000000 (  2.940000000000) 110.00% load balance balance
 pass 5 of 15 with 1 ranks
target quality 0.0703
 569.1900:  50.750000000000 ( 50.750000000000) 110.00% load balance pass
 591.4600:  22.270000000000 ( 22.270000000000) 110.00% load balance interp
 605.7500:  14.290000000000 ( 14.290000000000) 110.00% load balance crv const
nnode      87189 complexity      32319.1 ratio  2.70
volume range 2.109407e+03 1.000729e-15
  0.070 min quality
  0.354:      8249 *
  0.397:      7844 *
  0.445:     14561 *
  0.500:     26293 *
  0.561:     46315 *
  0.630:     77039 *
  0.707:    112443
  0.794:    126268
  0.891:     59946
  1.000:         0
  0.999:    478958 max quality
      0.7209942031 mean quality
  0.026 min edge ratio
  0.354:      4276 *
  0.397:      4524 *
  0.445:      8548 *
  0.500:     15714 *
  0.561:     28133 *
  0.630:     47713 *
  0.707:     69846
  0.794:     86776
  0.891:     95185
  1.000:     91145
  1.122:     73179
  1.260:     40747
  1.414:      9203
  1.587:       440 *
  1.782:        10 *
  2.000:         2 *
  2.245:         1 *
  2.520:         0
  2.344:    575442 max edge ratio
      0.8916937786 mean edge ratio
mom   1.00000000(0)  0.00000000(1)  0.15666042(2) -0.04168472(3)  0.09367117(4)
skewness  -0.67226102 kurtosis   0.81669418
 608.4400:   2.690000000000 (  2.690000000000) 110.00% load balance balance
 pass 6 of 15 with 1 ranks
target quality 0.0703
 657.3900:  48.950000000000 ( 48.950000000000) 110.00% load balance pass
 679.7200:  22.330000000000 ( 22.330000000000) 110.00% load balance interp
 699.1800:  19.460000000000 ( 19.460000000000) 110.00% load balance crv const
nnode      84450 complexity      32320.7 ratio  2.61
volume range 2.085863e+03 1.000578e-15
  0.070 min quality
  0.354:      7022 *
  0.397:      6563 *
  0.445:     12836 *
  0.500:     23259 *
  0.561:     42087 *
  0.630:     72106 *
  0.707:    108851
  0.794:    128587
  0.891:     62243
  1.000:         0
  0.999:    463554 max quality
      0.7293110334 mean quality
  0.026 min edge ratio
  0.354:      3705 *
  0.397:      3736 *
  0.445:      7304 *
  0.500:     13534 *
  0.561:     25420 *
  0.630:     45019 *
  0.707:     66855
  0.794:     84749
  0.891:     93302
  1.000:     91032
  1.122:     73120
  1.260:     40139
  1.414:      8899
  1.587:       446 *
  1.782:        15 *
  2.000:         1 *
  2.245:         0
  2.184:    557276 max edge ratio
      0.8997655497 mean edge ratio
mom   1.00000000(0) -0.00000000(1)  0.15048809(2) -0.04042657(3)  0.09026558(4)
skewness  -0.69249032 kurtosis   0.98582192
 702.3900:   3.210000000000 (  3.210000000000) 110.00% load balance balance
 pass 7 of 15 with 1 ranks
target quality 0.0703
 751.1700:  48.780000000000 ( 48.780000000000) 110.00% load balance pass
 773.8600:  22.690000000000 ( 22.690000000000) 110.00% load balance interp
 791.1300:  17.270000000000 ( 17.270000000000) 110.00% load balance crv const
nnode      82195 complexity      32324.9 ratio  2.54
volume range 2.122696e+03 1.000578e-15
  0.071 min quality
  0.354:      6021 *
  0.397:      5730 *
  0.445:     11114 *
  0.500:     21003 *
  0.561:     39002 *
  0.630:     68022 *
  0.707:    106145
  0.794:    128864
  0.891:     64811
  1.000:         0
  0.999:    450712 max quality
      0.7363363517 mean quality
  0.026 min edge ratio
  0.354:      3303 *
  0.397:      3174 *
  0.445:      6176 *
  0.500:     11936 *
  0.561:     23128 *
  0.630:     42722 *
  0.707:     64324
  0.794:     82901
  0.891:     91951
  1.000:     90438
  1.122:     72902
  1.260:     40014
  1.414:      8758
  1.587:       403 *
  1.782:         9 *
  2.000:         0
  1.926:    542139 max edge ratio
      0.9068300647 mean edge ratio
mom   1.00000000(0) -0.00000000(1)  0.14515842(2) -0.03863734(3)  0.08504555(4)
skewness  -0.69862465 kurtosis   1.03614843
 794.0300:   2.900000000000 (  2.900000000000) 110.00% load balance balance
 pass 8 of 15 with 1 ranks
target quality 0.0706
 842.0400:  48.010000000000 ( 48.010000000000) 110.00% load balance pass
 865.0300:  22.990000000000 ( 22.990000000000) 110.00% load balance interp
 878.6300:  13.600000000000 ( 13.600000000000) 110.00% load balance crv const
nnode      80317 complexity      32320.9 ratio  2.48
volume range 2.134313e+03 1.000729e-15
  0.071 min quality
  0.354:      5122 *
  0.397:      4962 *
  0.445:      9832 *
  0.500:     18957 *
  0.561:     36115 *
  0.630:     64702 *
  0.707:    104046
  0.794:    129204
  0.891:     66932
  1.000:         0
  0.999:    439872 max quality
      0.7429085557 mean quality
  0.026 min edge ratio
  0.354:      2930 *
  0.397:      2803 *
  0.445:      5424 *
  0.500:     10506 *
  0.561:     21392 *
  0.630:     40660 *
  0.707:     62411
  0.794:     81172
  0.891:     90271
  1.000:     90233
  1.122:     73122
  1.260:     39646
  1.414:      8498
  1.587:       345 *
  1.782:        21 *
  2.000:         0
  1.969:    529434 max edge ratio
      0.9127890513 mean edge ratio
mom   1.00000000(0) -0.00000000(1)  0.14046214(2) -0.03691663(3)  0.08054402(4)
skewness  -0.70126645 kurtosis   1.08239228
 881.6900:   3.060000000000 (  3.060000000000) 110.00% load balance balance
 pass 9 of 15 with 1 ranks
target quality 0.0706
 929.1000:  47.410000000000 ( 47.410000000000) 110.00% load balance pass
 952.0000:  22.900000000000 ( 22.900000000000) 110.00% load balance interp
 968.7800:  16.780000000000 ( 16.780000000000) 110.00% load balance crv const
nnode      78564 complexity      32318.2 ratio  2.43
volume range 2.142225e+03 1.000729e-15
  0.071 min quality
  0.354:      4436 *
  0.397:      4332 *
  0.445:      8749 *
  0.500:     17657 *
  0.561:     33329 *
  0.630:     61717 *
  0.707:    101299
  0.794:    129691
  0.891:     69000
  1.000:         0
  0.998:    430210 max quality
      0.7486569734 mean quality
  0.026 min edge ratio
  0.354:      2547 *
  0.397:      2451 *
  0.445:      4818 *
  0.500:      9457 *
  0.561:     19595 *
  0.630:     38533 *
  0.707:     60765
  0.794:     79468
  0.891:     89508
  1.000:     89246
  1.122:     73330
  1.260:     39430
  1.414:      8438
  1.587:       345 *
  1.782:        24 *
  2.000:         0
  1.946:    517955 max edge ratio
      0.9186071718 mean edge ratio
mom   1.00000000(0)  0.00000000(1)  0.13608970(2) -0.03505619(3)  0.07630409(4)
skewness  -0.69827546 kurtosis   1.12000043
 971.7100:   2.930000000000 (  2.930000000000) 110.00% load balance balance
 pass 10 of 15 with 1 ranks
target quality 0.0706
1018.0500:  46.340000000000 ( 46.340000000000) 110.00% load balance pass
1040.1200:  22.070000000000 ( 22.070000000000) 110.00% load balance interp
1052.8100:  12.690000000000 ( 12.690000000000) 110.00% load balance crv const
nnode      77181 complexity      32323.2 ratio  2.39
volume range 2.146313e+03 1.000729e-15
  0.071 min quality
  0.354:      4000 *
  0.397:      3876 *
  0.445:      8027 *
  0.500:     16345 *
  0.561:     31534 *
  0.630:     59202 *
  0.707:     99100
  0.794:    129788
  0.891:     70382
  1.000:         0
  0.999:    422254 max quality
      0.7529409680 mean quality
  0.026 min edge ratio
  0.354:      2332 *
  0.397:      2343 *
  0.445:      4322 *
  0.500:      8573 *
  0.561:     18061 *
  0.630:     36833 *
  0.707:     59279
  0.794:     77586
  0.891:     88898
  1.000:     89267
  1.122:     72821
  1.260:     39570
  1.414:      8359
  1.587:       303 *
  1.782:         9 *
  2.000:         1 *
  2.245:         0
  2.046:    508557 max edge ratio
      0.9233754549 mean edge ratio
mom   1.00000000(0)  0.00000000(1)  0.13308648(2) -0.03428776(3)  0.07405899(4)
skewness  -0.70621707 kurtosis   1.18128634
1055.1900:   2.380000000000 (  2.380000000000) 110.00% load balance balance
 pass 11 of 15 with 1 ranks
target quality 0.0706
1100.4400:  45.250000000000 ( 45.250000000000) 110.00% load balance pass
1122.8800:  22.440000000000 ( 22.440000000000) 110.00% load balance interp
1140.6700:  17.790000000000 ( 17.790000000000) 110.00% load balance crv const
nnode      75945 complexity      32318.8 ratio  2.35
volume range 2.138096e+03 1.000729e-15
  0.071 min quality
  0.354:      3531 *
  0.397:      3534 *
  0.445:      7298 *
  0.500:     15244 *
  0.561:     30062 *
  0.630:     56933 *
  0.707:     97034
  0.794:    130004
  0.891:     71581
  1.000:         0
  0.999:    415221 max quality
      0.7570100120 mean quality
  0.026 min edge ratio
  0.354:      2129 *
  0.397:      2089 *
  0.445:      4006 *
  0.500:      7725 *
  0.561:     16996 *
  0.630:     35484 *
  0.707:     57311
  0.794:     76601
  0.891:     88038
  1.000:     88908
  1.122:     72861
  1.260:     39500
  1.414:      8242
  1.587:       319 *
  1.782:        13 *
  2.000:         0
  1.904:    500222 max edge ratio
      0.9277369334 mean edge ratio
mom   1.00000000(0) -0.00000000(1)  0.13004768(2) -0.03325726(3)  0.07177902(4)
skewness  -0.70914094 kurtosis   1.24416516
1143.5700:   2.900000000000 (  2.900000000000) 110.00% load balance balance
 pass 12 of 15 with 1 ranks
target quality 0.0706
1190.2200:  46.650000000000 ( 46.650000000000) 110.00% load balance pass
1212.8200:  22.600000000000 ( 22.600000000000) 110.00% load balance interp
1227.7700:  14.950000000000 ( 14.950000000000) 110.00% load balance crv const
nnode      75117 complexity      32319.0 ratio  2.32
volume range 2.139961e+03 1.000729e-15
  0.071 min quality
  0.354:      3236 *
  0.397:      3396 *
  0.445:      7022 *
  0.500:     14404 *
  0.561:     28996 *
  0.630:     55376 *
  0.707:     95652
  0.794:    129920
  0.891:     72309
  1.000:         0
  0.999:    410311 max quality
      0.7595603747 mean quality
  0.026 min edge ratio
  0.354:      2108 *
  0.397:      2041 *
  0.445:      3738 *
  0.500:      7281 *
  0.561:     16331 *
  0.630:     34443 *
  0.707:     56277
  0.794:     75414
  0.891:     87260
  1.000:     88541
  1.122:     72891
  1.260:     39555
  1.414:      8268
  1.587:       318 *
  1.782:         9 *
  2.000:         0
  1.910:    494475 max edge ratio
      0.9304131393 mean edge ratio
mom   1.00000000(0) -0.00000000(1)  0.12900573(2) -0.03337209(3)  0.07149062(4)
skewness  -0.72022781 kurtosis   1.29567143
1230.5300:   2.760000000000 (  2.760000000000) 110.00% load balance balance
 pass 13 of 15 with 1 ranks
target quality 0.0706
1276.1900:  45.660000000000 ( 45.660000000000) 110.00% load balance pass
1298.4300:  22.240000000000 ( 22.240000000000) 110.00% load balance interp
1310.7700:  12.340000000000 ( 12.340000000000) 110.00% load balance crv const
nnode      74345 complexity      32313.7 ratio  2.30
volume range 2.134651e+03 1.000038e-15
  0.071 min quality
  0.354:      3009 *
  0.397:      3073 *
  0.445:      6614 *
  0.500:     13587 *
  0.561:     28192 *
  0.630:     54275 *
  0.707:     94465
  0.794:    128997
  0.891:     73554
  1.000:         0
  0.999:    405766 max quality
      0.7622065995 mean quality
  0.026 min edge ratio
  0.354:      1938 *
  0.397:      1914 *
  0.445:      3635 *
  0.500:      7033 *
  0.561:     15504 *
  0.630:     33324 *
  0.707:     55099
  0.794:     74805
  0.891:     86683
  1.000:     88398
  1.122:     72687
  1.260:     39610
  1.414:      8175
  1.587:       333 *
  1.782:        13 *
  2.000:         1 *
  2.245:         0
  2.019:    489152 max edge ratio
      0.9331940820 mean edge ratio
mom   1.00000000(0)  0.00000000(1)  0.12712290(2) -0.03245948(3)  0.06915005(4)
skewness  -0.71615302 kurtosis   1.27902557
1313.0900:   2.320000000000 (  2.320000000000) 110.00% load balance balance
 pass 14 of 15 with 1 ranks
target quality 0.0706
1358.4000:  45.310000000000 ( 45.310000000000) 110.00% load balance pass
1381.2300:  22.830000000000 ( 22.830000000000) 110.00% load balance interp
1398.5000:  17.270000000000 ( 17.270000000000) 110.00% load balance crv const
nnode      73563 complexity      32313.4 ratio  2.28
volume range 2.144323e+03 1.000038e-15
  0.071 min quality
  0.354:      2667 *
  0.397:      2842 *
  0.445:      6181 *
  0.500:     12964 *
  0.561:     26822 *
  0.630:     53191 *
  0.707:     93205
  0.794:    128906
  0.891:     74333
  1.000:         0
  0.998:    401111 max quality
      0.7651203194 mean quality
  0.026 min edge ratio
  0.354:      1941 *
  0.397:      1778 *
  0.445:      3391 *
  0.500:      6530 *
  0.561:     14699 *
  0.630:     32254 *
  0.707:     54404
  0.794:     73785
  0.891:     86069
  1.000:     88268
  1.122:     72506
  1.260:     39581
  1.414:      8230
  1.587:       287 *
  1.782:         1 *
  2.000:         0
  1.802:    483724 max edge ratio
      0.9360425511 mean edge ratio
mom   1.00000000(0) -0.00000000(1)  0.12531194(2) -0.03209529(3)  0.06811785(4)
skewness  -0.72352337 kurtosis   1.33786493
1401.3100:   2.810000000000 (  2.810000000000) 110.00% load balance balance
CAD topo node max eval dist 0.000000e+00
CAD topo edge max eval dist 1.398448e-06
CAD topo face max eval dist 1.186860e-04
1401.3200:   0.010000000000 (  0.010000000000) 110.00% load balance verify final params
1401.4100:   0.090000000000 (  0.090000000000) 110.00% load balance gather b8.ugrid
1401.4800:   0.070000000000 (  0.070000000000) 110.00% load balance gather meshb
1402.0800:   0.600000000000 (  0.600000000000) 110.00% load balance tec
