
 /ump/fldmd/home/mpark/refine/egads/src/ref_driver -i ../onera10.meshb -g /ump/fldmd/home/mpark/cases/ugawg-solution-adapt-cases/onera-m6/geometry/onera-m6-sharp-te.egads -m onera10-metric.sol -o out

CAD topo node max eval dist 0.000000e+00
CAD topo edge max eval dist 1.398448e-06
CAD topo face max eval dist 1.188190e-04
   0.5500:   0.550000000000 (  0.550000000000) 110.00% load balance read grid
nnode     195271 complexity     102571.0 ratio  1.90
volume range 1.882914e+03 4.285440e-16
 -0.000 min quality
  0.354:      6662 *
  0.397:      7193 *
  0.445:     15910 *
  0.500:     36035 *
  0.561:     76242 *
  0.630:    150036 *
  0.707:    258214
  0.794:    341511
  0.891:    193949
  1.000:         0
  0.999:   1085752 max quality
      0.7628100701 mean quality
  0.056 min edge ratio
  0.354:      3649 *
  0.397:      3776 *
  0.445:      7402 *
  0.500:     15350 *
  0.561:     34222 *
  0.630:     71391 *
  0.707:    122078
  0.794:    170055
  0.891:    209304
  1.000:    226913
  1.122:    206473
  1.260:    140493
  1.414:     62405
  1.587:     17106 *
  1.782:      3569 *
  2.000:       693 *
  2.245:       150 *
  2.520:        23 *
  2.732:   1295052 max edge ratio
      0.9851007853 mean edge ratio
mom   1.00000000(0)  0.00000000(1)  0.14183468(2) -0.02672408(3)  0.07330572(4)
skewness  -0.50029846 kurtosis   0.64395515
  44.7300:  44.180000000000 ( 44.180000000000) 110.00% load balance crv const
 pass 0 of 15 with 1 ranks
target quality 0.0010
 163.3500: 118.620000000000 (118.620000000000) 110.00% load balance pass
 253.2200:  89.870000000000 ( 89.870000000000) 110.00% load balance interp
 299.4400:  46.220000000000 ( 46.220000000000) 110.00% load balance crv const
nnode     233827 complexity     102446.3 ratio  2.28
volume range 2.054272e+03 4.739718e-16
 -0.000 min quality
  0.354:      6725 *
  0.397:      7741 *
  0.445:     17994 *
  0.500:     44078 *
  0.561:    102234 *
  0.630:    199069 *
  0.707:    313788
  0.794:    376172
  0.891:    204633
  1.000:         0
  1.000:   1272434 max quality
      0.7552750744 mean quality
  0.081 min edge ratio
  0.354:      9270 *
  0.397:      9845 *
  0.445:     17599 *
  0.500:     30421 *
  0.561:     55307 *
  0.630:    104302 *
  0.707:    172173
  0.794:    224612
  0.891:    248909
  1.000:    249548
  1.122:    216959
  1.260:    138985
  1.414:     40277
  1.587:      2484 *
  1.782:       147 *
  2.000:        19 *
  2.245:         2 *
  2.520:         0
  2.344:   1520859 max edge ratio
      0.9270568499 mean edge ratio
mom   1.00000000(0)  0.00000000(1)  0.15090098(2) -0.04021579(3)  0.08606573(4)
skewness  -0.68605436 kurtosis   0.77960266
 307.5500:   8.110000000000 (  8.110000000000) 110.00% load balance balance
 pass 1 of 15 with 1 ranks
target quality 0.0010
 427.3300: 119.780000000000 (119.780000000000) 110.00% load balance pass
 522.4900:  95.160000000000 ( 95.160000000000) 110.00% load balance interp
 563.6800:  41.190000000000 ( 41.190000000000) 110.00% load balance crv const
nnode     227930 complexity     102446.3 ratio  2.22
volume range 1.970850e+03 4.739718e-16
 -0.000 min quality
  0.354:      6874 *
  0.397:      7224 *
  0.445:     16121 *
  0.500:     38478 *
  0.561:     89591 *
  0.630:    183546 *
  0.707:    307985
  0.794:    387692
  0.891:    214650
  1.000:         0
  0.999:   1252161 max quality
      0.7622485980 mean quality
  0.081 min edge ratio
  0.354:      6654 *
  0.397:      7174 *
  0.445:     13858 *
  0.500:     26428 *
  0.561:     51961 *
  0.630:    102253 *
  0.707:    167251
  0.794:    219554
  0.891:    248255
  1.000:    254188
  1.122:    220876
  1.260:    137676
  1.414:     36287
  1.587:      2232 *
  1.782:       134 *
  2.000:         8 *
  2.245:         3 *
  2.520:         1 *
  2.565:   1494793 max edge ratio
      0.9345831101 mean edge ratio
mom   1.00000000(0)  0.00000000(1)  0.14065741(2) -0.03449955(3)  0.07396611(4)
skewness  -0.65398753 kurtosis   0.73858740
 571.4100:   7.730000000000 (  7.730000000000) 110.00% load balance balance
 pass 2 of 15 with 1 ranks
target quality 0.0010
 690.2000: 118.790000000000 (118.790000000000) 110.00% load balance pass
 788.2500:  98.050000000000 ( 98.050000000000) 110.00% load balance interp
 828.4300:  40.180000000000 ( 40.180000000000) 110.00% load balance crv const
nnode     225832 complexity     102425.6 ratio  2.20
volume range 1.977935e+03 4.739718e-16
 -0.000 min quality
  0.354:      6519 *
  0.397:      7087 *
  0.445:     15651 *
  0.500:     36505 *
  0.561:     84183 *
  0.630:    175836 *
  0.707:    303875
  0.794:    394910
  0.891:    220556
  1.000:         0
  0.999:   1245122 max quality
      0.7657593067 mean quality
  0.071 min edge ratio
  0.354:      6028 *
  0.397:      6355 *
  0.445:     12594 *
  0.500:     24187 *
  0.561:     49829 *
  0.630:    100852 *
  0.707:    165551
  0.794:    218960
  0.891:    249308
  1.000:    257216
  1.122:    223429
  1.260:    135816
  1.414:     33542
  1.587:      1930 *
  1.782:       119 *
  2.000:         6 *
  2.245:         2 *
  2.520:         0
  2.267:   1485724 max edge ratio
      0.9372165086 mean edge ratio
mom   1.00000000(0)  0.00000000(1)  0.13603363(2) -0.03275057(3)  0.06946938(4)
skewness  -0.65275384 kurtosis   0.75405690
 836.1500:   7.720000000000 (  7.720000000000) 110.00% load balance balance
 pass 3 of 15 with 1 ranks
target quality 0.0010
 953.9800: 117.830000000000 (117.830000000000) 110.00% load balance pass
1049.3700:  95.390000000000 ( 95.390000000000) 110.00% load balance interp
1088.7500:  39.380000000000 ( 39.380000000000) 110.00% load balance crv const
nnode     224534 complexity     102415.0 ratio  2.19
volume range 1.929799e+03 4.739718e-16
 -0.000 min quality
  0.354:      6603 *
  0.397:      6670 *
  0.445:     15597 *
  0.500:     35498 *
  0.561:     81085 *
  0.630:    171312 *
  0.707:    300197
  0.794:    397366
  0.891:    226390
  1.000:         0
  1.000:   1240718 max quality
      0.7678432027 mean quality
  0.039 min edge ratio
  0.354:      5828 *
  0.397:      6123 *
  0.445:     12008 *
  0.500:     22874 *
  0.561:     48771 *
  0.630:     99639 *
  0.707:    164212
  0.794:    218448
  0.891:    250216
  1.000:    259328
  1.122:    224466
  1.260:    134043
  1.414:     32052
  1.587:      1879 *
  1.782:       122 *
  2.000:         9 *
  2.245:         3 *
  2.520:         0
  2.323:   1480021 max edge ratio
      0.9384745231 mean edge ratio
mom   1.00000000(0)  0.00000000(1)  0.13382970(2) -0.03249162(3)  0.06858371(4)
skewness  -0.66365533 kurtosis   0.82926940
1095.9000:   7.150000000000 (  7.150000000000) 110.00% load balance balance
 pass 4 of 15 with 1 ranks
target quality 0.0010
1211.6300: 115.730000000000 (115.730000000000) 110.00% load balance pass
1308.6800:  97.050000000000 ( 97.050000000000) 110.00% load balance interp
1347.5700:  38.890000000000 ( 38.890000000000) 110.00% load balance crv const
nnode     223467 complexity     102410.9 ratio  2.18
volume range 1.966420e+03 4.739718e-16
 -0.000 min quality
  0.354:      6155 *
  0.397:      6585 *
  0.445:     14869 *
  0.500:     34421 *
  0.561:     79651 *
  0.630:    167501 *
  0.707:    297273
  0.794:    401138
  0.891:    229250
  1.000:         0
  1.000:   1236843 max quality
      0.7697887899 mean quality
  0.098 min edge ratio
  0.354:      5688 *
  0.397:      5800 *
  0.445:     11114 *
  0.500:     22058 *
  0.561:     47430 *
  0.630:     98774 *
  0.707:    163181
  0.794:    218124
  0.891:    251239
  1.000:    260599
  1.122:    225574
  1.260:    132671
  1.414:     31026
  1.587:      1699 *
  1.782:        98 *
  2.000:        10 *
  2.245:         2 *
  2.520:         0
  2.275:   1475087 max edge ratio
      0.9397229247 mean edge ratio
mom   1.00000000(0)  0.00000000(1)  0.13160015(2) -0.03156981(3)  0.06585686(4)
skewness  -0.66128298 kurtosis   0.80266671
1354.6600:   7.090000000000 (  7.090000000000) 110.00% load balance balance
 pass 5 of 15 with 1 ranks
target quality 0.0010
1470.1000: 115.440000000000 (115.440000000000) 110.00% load balance pass
1569.3100:  99.210000000000 ( 99.210000000000) 110.00% load balance interp
1608.4100:  39.100000000000 ( 39.100000000000) 110.00% load balance crv const
nnode     222190 complexity     102403.4 ratio  2.17
volume range 1.893815e+03 4.739718e-16
 -0.000 min quality
  0.354:      6235 *
  0.397:      6330 *
  0.445:     14187 *
  0.500:     33282 *
  0.561:     76819 *
  0.630:    164098 *
  0.707:    295992
  0.794:    401015
  0.891:    233334
  1.000:         0
  0.999:   1231292 max quality
      0.7715809478 mean quality
  0.057 min edge ratio
  0.354:      5379 *
  0.397:      5452 *
  0.445:     10551 *
  0.500:     21038 *
  0.561:     45928 *
  0.630:     97320 *
  0.707:    161822
  0.794:    217289
  0.891:    251768
  1.000:    262330
  1.122:    225940
  1.260:    131531
  1.414:     30164
  1.587:      1646 *
  1.782:        87 *
  2.000:         6 *
  2.245:         1 *
  2.520:         0
  2.253:   1468252 max edge ratio
      0.9413930533 mean edge ratio
mom   1.00000000(0) -0.00000000(1)  0.12948332(2) -0.03104055(3)  0.06478643(4)
skewness  -0.66620621 kurtosis   0.86417193
1615.5400:   7.130000000000 (  7.130000000000) 110.00% load balance balance
 pass 6 of 15 with 1 ranks
target quality 0.0010
1730.9500: 115.410000000000 (115.410000000000) 110.00% load balance pass
1831.8200: 100.870000000000 (100.870000000000) 110.00% load balance interp
1871.0900:  39.270000000000 ( 39.270000000000) 110.00% load balance crv const
nnode     221290 complexity     102394.4 ratio  2.16
volume range 1.840918e+03 4.739718e-16
 -0.000 min quality
  0.354:      5917 *
  0.397:      6257 *
  0.445:     13743 *
  0.500:     32594 *
  0.561:     75583 *
  0.630:    162800 *
  0.707:    292787
  0.794:    401823
  0.891:    236311
  1.000:         0
  0.999:   1227815 max quality
      0.7729277653 mean quality
  0.077 min edge ratio
  0.354:      5325 *
  0.397:      5299 *
  0.445:     10441 *
  0.500:     20587 *
  0.561:     44655 *
  0.630:     96516 *
  0.707:    160597
  0.794:    216315
  0.891:    252347
  1.000:    263361
  1.122:    226616
  1.260:    130729
  1.414:     29548
  1.587:      1479 *
  1.782:        82 *
  2.000:         7 *
  2.245:         2 *
  2.520:         0
  2.364:   1463906 max edge ratio
      0.9423310210 mean edge ratio
mom   1.00000000(0) -0.00000000(1)  0.12826294(2) -0.03066164(3)  0.06327983(4)
skewness  -0.66748822 kurtosis   0.84647495
1878.2000:   7.110000000000 (  7.110000000000) 110.00% load balance balance
 pass 7 of 15 with 1 ranks
target quality 0.0010
1994.8100: 116.610000000000 (116.610000000000) 110.00% load balance pass
2096.4400: 101.630000000000 (101.630000000000) 110.00% load balance interp
2135.4900:  39.050000000000 ( 39.050000000000) 110.00% load balance crv const
nnode     220466 complexity     102380.7 ratio  2.15
volume range 2.066050e+03 4.739718e-16
 -0.000 min quality
  0.354:      6166 *
  0.397:      6033 *
  0.445:     13464 *
  0.500:     31803 *
  0.561:     74440 *
  0.630:    159971 *
  0.707:    291570
  0.794:    402332
  0.891:    238476
  1.000:         0
  0.999:   1224255 max quality
      0.7739280661 mean quality
  0.062 min edge ratio
  0.354:      5075 *
  0.397:      5292 *
  0.445:     10218 *
  0.500:     19589 *
  0.561:     43834 *
  0.630:     95881 *
  0.707:    159897
  0.794:    215425
  0.891:    252035
  1.000:    264786
  1.122:    226299
  1.260:    130743
  1.414:     28948
  1.587:      1430 *
  1.782:        70 *
  2.000:         8 *
  2.245:         1 *
  2.520:         0
  2.253:   1459531 max edge ratio
      0.9433577940 mean edge ratio
mom   1.00000000(0)  0.00000000(1)  0.12714649(2) -0.03053558(3)  0.06299116(4)
skewness  -0.67351855 kurtosis   0.89646581
2142.5900:   7.100000000000 (  7.100000000000) 110.00% load balance balance
 pass 8 of 15 with 1 ranks
target quality 0.0010
2257.6700: 115.080000000000 (115.080000000000) 110.00% load balance pass
2359.1700: 101.500000000000 (101.500000000000) 110.00% load balance interp
2397.6900:  38.520000000000 ( 38.520000000000) 110.00% load balance crv const
nnode     219431 complexity     102368.4 ratio  2.14
volume range 1.714625e+03 4.739718e-16
 -0.000 min quality
  0.354:      6050 *
  0.397:      5979 *
  0.445:     13480 *
  0.500:     31281 *
  0.561:     73066 *
  0.630:    157051 *
  0.707:    288889
  0.794:    403650
  0.891:    240080
  1.000:         0
  1.000:   1219526 max quality
      0.7749556077 mean quality
  0.090 min edge ratio
  0.354:      4938 *
  0.397:      5064 *
  0.445:      9790 *
  0.500:     19046 *
  0.561:     42728 *
  0.630:     94644 *
  0.707:    159090
  0.794:    214530
  0.891:    251638
  1.000:    264449
  1.122:    227870
  1.260:    129602
  1.414:     28859
  1.587:      1440 *
  1.782:        75 *
  2.000:         4 *
  2.245:         3 *
  2.520:         0
  2.314:   1453770 max edge ratio
      0.9446891838 mean edge ratio
mom   1.00000000(0) -0.00000000(1)  0.12592305(2) -0.02994009(3)  0.06147191(4)
skewness  -0.67003159 kurtosis   0.87673583
2404.7600:   7.070000000000 (  7.070000000000) 110.00% load balance balance
 pass 9 of 15 with 1 ranks
target quality 0.0010
2521.0500: 116.290000000000 (116.290000000000) 110.00% load balance pass
2623.6700: 102.620000000000 (102.620000000000) 110.00% load balance interp
2662.3900:  38.720000000000 ( 38.720000000000) 110.00% load balance crv const
nnode     218762 complexity     102359.3 ratio  2.14
volume range 1.631980e+03 4.739718e-16
 -0.000 min quality
  0.354:      5998 *
  0.397:      5731 *
  0.445:     13320 *
  0.500:     31180 *
  0.561:     72287 *
  0.630:    155732 *
  0.707:    287242
  0.794:    403511
  0.891:    241604
  1.000:         0
  0.999:   1216605 max quality
      0.7756035692 mean quality
  0.062 min edge ratio
  0.354:      4904 *
  0.397:      4887 *
  0.445:      9549 *
  0.500:     18490 *
  0.561:     41963 *
  0.630:     93968 *
  0.707:    158253
  0.794:    214210
  0.891:    251431
  1.000:    265072
  1.122:    227636
  1.260:    129431
  1.414:     28766
  1.587:      1468 *
  1.782:        82 *
  2.000:        10 *
  2.245:         1 *
  2.520:         0
  2.253:   1450121 max edge ratio
      0.9455988547 mean edge ratio
mom   1.00000000(0) -0.00000000(1)  0.12504217(2) -0.02961472(3)  0.06092399(4)
skewness  -0.66976573 kurtosis   0.89650593
2669.4300:   7.040000000000 (  7.040000000000) 110.00% load balance balance
 pass 10 of 15 with 1 ranks
target quality 0.0010
2786.0100: 116.580000000000 (116.580000000000) 110.00% load balance pass
2890.4400: 104.430000000000 (104.430000000000) 110.00% load balance interp
2928.9900:  38.550000000000 ( 38.550000000000) 110.00% load balance crv const
nnode     218639 complexity     102342.8 ratio  2.14
volume range 1.651145e+03 4.739718e-16
 -0.000 min quality
  0.354:      5785 *
  0.397:      5649 *
  0.445:     13118 *
  0.500:     30628 *
  0.561:     71970 *
  0.630:    155652 *
  0.707:    286423
  0.794:    403816
  0.891:    242628
  1.000:         0
  1.000:   1215669 max quality
      0.7762060686 mean quality
  0.063 min edge ratio
  0.354:      4970 *
  0.397:      4927 *
  0.445:      9418 *
  0.500:     18202 *
  0.561:     41814 *
  0.630:     93767 *
  0.707:    157955
  0.794:    213870
  0.891:    252350
  1.000:    265069
  1.122:    227730
  1.260:    129355
  1.414:     28224
  1.587:      1369 *
  1.782:        77 *
  2.000:         6 *
  2.245:         1 *
  2.520:         0
  2.253:   1449104 max edge ratio
      0.9456274135 mean edge ratio
mom   1.00000000(0)  0.00000000(1)  0.12478851(2) -0.02992798(3)  0.06130976(4)
skewness  -0.67891504 kurtosis   0.93713600
2936.0000:   7.010000000000 (  7.010000000000) 110.00% load balance balance
 pass 11 of 15 with 1 ranks
target quality 0.0010
3051.3300: 115.330000000000 (115.330000000000) 110.00% load balance pass
3154.7200: 103.390000000000 (103.390000000000) 110.00% load balance interp
3193.0200:  38.300000000000 ( 38.300000000000) 110.00% load balance crv const
nnode     217665 complexity     102329.5 ratio  2.13
volume range 1.652495e+03 4.739718e-16
 -0.000 min quality
  0.354:      5620 *
  0.397:      5585 *
  0.445:     12757 *
  0.500:     30335 *
  0.561:     71118 *
  0.630:    154255 *
  0.707:    284106
  0.794:    403899
  0.891:    243777
  1.000:         0
  0.999:   1211452 max quality
      0.7769832532 mean quality
  0.048 min edge ratio
  0.354:      4794 *
  0.397:      4798 *
  0.445:      9377 *
  0.500:     17794 *
  0.561:     40833 *
  0.630:     92519 *
  0.707:    156941
  0.794:    213224
  0.891:    251701
  1.000:    265098
  1.122:    227892
  1.260:    129144
  1.414:     28318
  1.587:      1400 *
  1.782:        71 *
  2.000:        11 *
  2.245:         1 *
  2.520:         0
  2.253:   1443916 max edge ratio
      0.9468265570 mean edge ratio
mom   1.00000000(0) -0.00000000(1)  0.12403761(2) -0.02970112(3)  0.06086729(4)
skewness  -0.67989639 kurtosis   0.95619073
3199.9800:   6.960000000000 (  6.960000000000) 110.00% load balance balance
 pass 12 of 15 with 1 ranks
target quality 0.0010
3315.3800: 115.400000000000 (115.400000000000) 110.00% load balance pass
3417.9500: 102.570000000000 (102.570000000000) 110.00% load balance interp
3464.5500:  46.600000000000 ( 46.600000000000) 110.00% load balance crv const
nnode     217157 complexity     102305.1 ratio  2.12
volume range 1.815605e+03 4.739718e-16
 -0.000 min quality
  0.354:      5645 *
  0.397:      5378 *
  0.445:     12552 *
  0.500:     29851 *
  0.561:     70367 *
  0.630:    152945 *
  0.707:    283125
  0.794:    404089
  0.891:    245074
  1.000:         0
  0.999:   1209026 max quality
      0.7776621868 mean quality
  0.096 min edge ratio
  0.354:      4597 *
  0.397:      4700 *
  0.445:      8991 *
  0.500:     17376 *
  0.561:     40295 *
  0.630:     92059 *
  0.707:    156355
  0.794:    212974
  0.891:    252003
  1.000:    265477
  1.122:    227885
  1.260:    128732
  1.414:     28157
  1.587:      1320 *
  1.782:        64 *
  2.000:         0
  2.245:         1 *
  2.520:         0
  2.253:   1440986 max edge ratio
      0.9476121974 mean edge ratio
mom   1.00000000(0) -0.00000000(1)  0.12292129(2) -0.02893770(3)  0.05906616(4)
skewness  -0.67146491 kurtosis   0.90917003
3473.5200:   8.970000000000 (  8.970000000000) 110.00% load balance balance
 pass 13 of 15 with 1 ranks
target quality 0.0010
3594.0700: 120.550000000000 (120.550000000000) 110.00% load balance pass
3699.4200: 105.350000000000 (105.350000000000) 110.00% load balance interp
3758.8700:  59.450000000000 ( 59.450000000000) 110.00% load balance crv const
nnode     216727 complexity     102288.0 ratio  2.12
volume range 1.972805e+03 4.739718e-16
 -0.000 min quality
  0.354:      5613 *
  0.397:      5449 *
  0.445:     12360 *
  0.500:     29753 *
  0.561:     70020 *
  0.630:    151929 *
  0.707:    282338
  0.794:    403617
  0.891:    245693
  1.000:         0
  0.999:   1206772 max quality
      0.7779936491 mean quality
  0.053 min edge ratio
  0.354:      4665 *
  0.397:      4790 *
  0.445:      8909 *
  0.500:     17238 *
  0.561:     39868 *
  0.630:     91172 *
  0.707:    155498
  0.794:    212840
  0.891:    251510
  1.000:    265923
  1.122:    227353
  1.260:    129170
  1.414:     28033
  1.587:      1255 *
  1.782:        84 *
  2.000:         2 *
  2.245:         1 *
  2.520:         0
  2.253:   1438311 max edge ratio
      0.9480234253 mean edge ratio
mom   1.00000000(0) -0.00000000(1)  0.12284142(2) -0.02929543(3)  0.05979955(4)
skewness  -0.68042876 kurtosis   0.96285545
3767.8100:   8.940000000000 (  8.940000000000) 110.00% load balance balance
 pass 14 of 15 with 1 ranks
target quality 0.0010
3888.5100: 120.700000000000 (120.700000000000) 110.00% load balance pass
3992.7300: 104.220000000000 (104.220000000000) 110.00% load balance interp
4052.1800:  59.450000000000 ( 59.450000000000) 110.00% load balance crv const
nnode     216572 complexity     102270.7 ratio  2.12
volume range 1.853905e+03 4.739718e-16
 -0.000 min quality
  0.354:      5678 *
  0.397:      5541 *
  0.445:     12554 *
  0.500:     29893 *
  0.561:     69868 *
  0.630:    151752 *
  0.707:    281262
  0.794:    403606
  0.891:    245891
  1.000:         0
  1.000:   1206045 max quality
      0.7778698621 mean quality
  0.067 min edge ratio
  0.354:      4871 *
  0.397:      4677 *
  0.445:      8789 *
  0.500:     17060 *
  0.561:     39859 *
  0.630:     90897 *
  0.707:    155453
  0.794:    212273
  0.891:    251689
  1.000:    265846
  1.122:    227800
  1.260:    128796
  1.414:     28089
  1.587:      1279 *
  1.782:        66 *
  2.000:         7 *
  2.245:         1 *
  2.520:         0
  2.253:   1437452 max edge ratio
      0.9482241130 mean edge ratio
mom   1.00000000(0)  0.00000000(1)  0.12282129(2) -0.02941663(3)  0.05989978(4)
skewness  -0.68341175 kurtosis   0.97079916
4061.1200:   8.940000000000 (  8.940000000000) 110.00% load balance balance
CAD topo node max eval dist 0.000000e+00
CAD topo edge max eval dist 1.398448e-06
CAD topo face max eval dist 1.181053e-04
4061.1400:   0.020000000000 (  0.020000000000) 110.00% load balance verify final params
4061.4300:   0.290000000000 (  0.290000000000) 110.00% load balance gather b8.ugrid
4061.6500:   0.220000000000 (  0.220000000000) 110.00% load balance gather meshb
4063.2700:   1.620000000000 (  1.620000000000) 110.00% load balance tec
