limited gradation in 1 steps
before adapting:
14435 tets, quality [0.30,1.00], 14435 >0.30
21548 edges, length [0.31,3.72], 3749 <0.71, 12493 in [0.71,1.41], 5306 >1.41
quality histogram:
0.00-0.10: 0
0.10-0.20: 0
0.20-0.30: 0
0.30-0.40: 94
0.40-0.50: 766
0.50-0.60: 2449
0.60-0.70: 3847
0.70-0.80: 3809
0.80-0.90: 2643
0.90-1.00: 827
length histogram:
0.00-0.30: 0
0.30-0.60: 2451
0.60-0.90: 4271
0.90-1.20: 6192
1.20-1.50: 4312
1.50-1.80: 2334
1.80-2.10: 1177
2.10-2.40: 523
2.40-2.70: 204
2.70-3.00: 64
addressing edge lengths
refining 1320 edges
20025 tets, quality [0.22,1.00], 36 in [0.20,0.30], 19989 >0.30
28651 edges, length [0.26,3.47], 4708 <0.71, 18756 in [0.71,1.41], 5187 >1.41
coarsening 537 vertices
18568 tets, quality [0.22,1.00], 36 in [0.20,0.30], 18532 >0.30
26198 edges, length [0.31,3.47], 2966 <0.71, 18056 in [0.71,1.41], 5176 >1.41
refining 1442 edges
25589 tets, quality [0.21,1.00], 187 in [0.20,0.30], 25402 >0.30
34794 edges, length [0.17,3.47], 4766 <0.71, 25216 in [0.71,1.41], 4812 >1.41
coarsening 704 vertices
23204 tets, quality [0.20,1.00], 166 in [0.20,0.30], 23038 >0.30
31400 edges, length [0.18,3.47], 3104 <0.71, 23530 in [0.71,1.41], 4766 >1.41
refining 1513 edges
30976 tets, quality [0.20,1.00], 460 in [0.20,0.30], 30516 >0.30
40769 edges, length [0.14,3.13], 5749 <0.71, 30939 in [0.71,1.41], 4081 >1.41
coarsening 779 vertices
28052 tets, quality [0.20,1.00], 399 in [0.20,0.30], 27653 >0.30
36891 edges, length [0.15,3.13], 3945 <0.71, 28923 in [0.71,1.41], 4023 >1.41
refining 1438 edges
35381 tets, quality [0.20,1.00], 762 in [0.20,0.30], 34619 >0.30
45710 edges, length [0.15,3.12], 7090 <0.71, 35499 in [0.71,1.41], 3121 >1.41
coarsening 877 vertices
31911 tets, quality [0.20,1.00], 663 in [0.20,0.30], 31248 >0.30
41249 edges, length [0.15,3.12], 4916 <0.71, 33292 in [0.71,1.41], 3041 >1.41
refining 1164 edges
37729 tets, quality [0.20,1.00], 1106 in [0.20,0.30], 36623 >0.30
48255 edges, length [0.13,3.12], 7876 <0.71, 38192 in [0.71,1.41], 2187 >1.41
coarsening 852 vertices
34237 tets, quality [0.20,1.00], 932 in [0.20,0.30], 33305 >0.30
43871 edges, length [0.18,3.12], 5639 <0.71, 36107 in [0.71,1.41], 2125 >1.41
refining 793 edges
38160 tets, quality [0.20,1.00], 1193 in [0.20,0.30], 36967 >0.30
48600 edges, length [0.11,3.12], 7889 <0.71, 39204 in [0.71,1.41], 1507 >1.41
coarsening 707 vertices
35182 tets, quality [0.20,1.00], 1000 in [0.20,0.30], 34182 >0.30
44889 edges, length [0.18,3.12], 5913 <0.71, 37525 in [0.71,1.41], 1451 >1.41
refining 459 edges
37420 tets, quality [0.20,1.00], 1091 in [0.20,0.30], 36329 >0.30
47590 edges, length [0.13,3.12], 7310 <0.71, 39218 in [0.71,1.41], 1062 >1.41
coarsening 516 vertices
35185 tets, quality [0.20,1.00], 947 in [0.20,0.30], 34238 >0.30
44827 edges, length [0.18,3.12], 5841 <0.71, 37956 in [0.71,1.41], 1030 >1.41
refining 293 edges
36547 tets, quality [0.20,1.00], 980 in [0.20,0.30], 35567 >0.30
46488 edges, length [0.13,3.12], 6769 <0.71, 38957 in [0.71,1.41], 762 >1.41
coarsening 374 vertices
34901 tets, quality [0.20,1.00], 834 in [0.20,0.30], 34067 >0.30
44456 edges, length [0.19,3.12], 5702 <0.71, 38005 in [0.71,1.41], 749 >1.41
refining 148 edges
35623 tets, quality [0.20,1.00], 860 in [0.20,0.30], 34763 >0.30
45326 edges, length [0.17,3.12], 6196 <0.71, 38514 in [0.71,1.41], 616 >1.41
coarsening 238 vertices
34533 tets, quality [0.20,1.00], 745 in [0.20,0.30], 33788 >0.30
43998 edges, length [0.19,3.12], 5480 <0.71, 37910 in [0.71,1.41], 608 >1.41
refining 79 edges
34905 tets, quality [0.20,1.00], 766 in [0.20,0.30], 34139 >0.30
44449 edges, length [0.17,3.12], 5741 <0.71, 38177 in [0.71,1.41], 531 >1.41
coarsening 144 vertices
34244 tets, quality [0.20,1.00], 693 in [0.20,0.30], 33551 >0.30
43642 edges, length [0.19,3.12], 5309 <0.71, 37803 in [0.71,1.41], 530 >1.41
refining 38 edges
34418 tets, quality [0.20,1.00], 701 in [0.20,0.30], 33717 >0.30
43854 edges, length [0.14,3.12], 5441 <0.71, 37918 in [0.71,1.41], 495 >1.41
coarsening 85 vertices
34002 tets, quality [0.20,1.00], 675 in [0.20,0.30], 33327 >0.30
43352 edges, length [0.19,3.12], 5185 <0.71, 37675 in [0.71,1.41], 492 >1.41
refining 18 edges
34085 tets, quality [0.20,1.00], 677 in [0.20,0.30], 33408 >0.30
43453 edges, length [0.13,3.12], 5245 <0.71, 37734 in [0.71,1.41], 474 >1.41
coarsening 51 vertices
33841 tets, quality [0.20,1.00], 653 in [0.20,0.30], 33188 >0.30
43158 edges, length [0.19,3.12], 5095 <0.71, 37591 in [0.71,1.41], 472 >1.41
refining 6 edges
33869 tets, quality [0.20,1.00], 655 in [0.20,0.30], 33214 >0.30
43192 edges, length [0.17,3.12], 5115 <0.71, 37611 in [0.71,1.41], 466 >1.41
coarsening 25 vertices
33750 tets, quality [0.20,1.00], 650 in [0.20,0.30], 33100 >0.30
43048 edges, length [0.19,3.12], 5028 <0.71, 37554 in [0.71,1.41], 466 >1.41
refining 1 edges
33757 tets, quality [0.20,1.00], 651 in [0.20,0.30], 33106 >0.30
43056 edges, length [0.19,3.12], 5032 <0.71, 37559 in [0.71,1.41], 465 >1.41
coarsening 16 vertices
33677 tets, quality [0.20,1.00], 641 in [0.20,0.30], 33036 >0.30
42960 edges, length [0.19,3.12], 4981 <0.71, 37515 in [0.71,1.41], 464 >1.41
refining 2 edges
33685 tets, quality [0.20,1.00], 642 in [0.20,0.30], 33043 >0.30
42970 edges, length [0.19,3.12], 4986 <0.71, 37522 in [0.71,1.41], 462 >1.41
coarsening 7 vertices
33649 tets, quality [0.20,1.00], 637 in [0.20,0.30], 33012 >0.30
42927 edges, length [0.19,3.12], 4963 <0.71, 37502 in [0.71,1.41], 462 >1.41
refining 2 edges
33659 tets, quality [0.20,1.00], 637 in [0.20,0.30], 33022 >0.30
42939 edges, length [0.19,3.12], 4971 <0.71, 37508 in [0.71,1.41], 460 >1.41
coarsening 4 vertices
33640 tets, quality [0.20,1.00], 633 in [0.20,0.30], 33007 >0.30
42916 edges, length [0.19,3.12], 4959 <0.71, 37497 in [0.71,1.41], 460 >1.41
refining 2 edges
33650 tets, quality [0.20,1.00], 636 in [0.20,0.30], 33014 >0.30
42928 edges, length [0.19,3.12], 4966 <0.71, 37504 in [0.71,1.41], 458 >1.41
coarsening 3 vertices
33638 tets, quality [0.20,1.00], 635 in [0.20,0.30], 33003 >0.30
42913 edges, length [0.19,3.12], 4956 <0.71, 37499 in [0.71,1.41], 458 >1.41
refining 1 edges
33643 tets, quality [0.20,1.00], 635 in [0.20,0.30], 33008 >0.30
42919 edges, length [0.13,3.12], 4958 <0.71, 37504 in [0.71,1.41], 457 >1.41
coarsening 2 vertices
33635 tets, quality [0.20,1.00], 634 in [0.20,0.30], 33001 >0.30
42909 edges, length [0.19,3.12], 4952 <0.71, 37500 in [0.71,1.41], 457 >1.41
refining 1 edges
33640 tets, quality [0.20,1.00], 634 in [0.20,0.30], 33006 >0.30
42915 edges, length [0.19,3.12], 4956 <0.71, 37503 in [0.71,1.41], 456 >1.41
coarsening 1 vertices
33636 tets, quality [0.20,1.00], 634 in [0.20,0.30], 33002 >0.30
42910 edges, length [0.19,3.12], 4952 <0.71, 37502 in [0.71,1.41], 456 >1.41
laplacian solve took 198 iterations
addressing element qualities
swapping 1847 3D edges
33574 tets, quality [0.20,1.00], 266 in [0.20,0.30], 33308 >0.30
42848 edges, length [0.18,3.12], 5037 <0.71, 37214 in [0.71,1.41], 597 >1.41
swapping 544 3D edges
33629 tets, quality [0.20,1.00], 128 in [0.20,0.30], 33501 >0.30
42903 edges, length [0.18,3.12], 5071 <0.71, 37257 in [0.71,1.41], 575 >1.41
swapping 196 3D edges
33666 tets, quality [0.21,1.00], 66 in [0.20,0.30], 33600 >0.30
42940 edges, length [0.18,3.02], 5099 <0.71, 37313 in [0.71,1.41], 528 >1.41
swapping 99 3D edges
33681 tets, quality [0.21,1.00], 39 in [0.20,0.30], 33642 >0.30
42955 edges, length [0.18,3.02], 5106 <0.71, 37340 in [0.71,1.41], 509 >1.41
swapping 39 3D edges
33681 tets, quality [0.21,1.00], 30 in [0.20,0.30], 33651 >0.30
42955 edges, length [0.18,3.02], 5107 <0.71, 37351 in [0.71,1.41], 497 >1.41
swapping 25 3D edges
33680 tets, quality [0.21,1.00], 24 in [0.20,0.30], 33656 >0.30
42954 edges, length [0.18,3.02], 5110 <0.71, 37357 in [0.71,1.41], 487 >1.41
swapping 4 3D edges
33681 tets, quality [0.21,1.00], 24 in [0.20,0.30], 33657 >0.30
42955 edges, length [0.18,3.02], 5111 <0.71, 37358 in [0.71,1.41], 486 >1.41
swapping 2 3D edges
33681 tets, quality [0.21,1.00], 24 in [0.20,0.30], 33657 >0.30
42955 edges, length [0.18,3.02], 5111 <0.71, 37358 in [0.71,1.41], 486 >1.41
coarsening 47 vertices
33435 tets, quality [0.22,1.00], 15 in [0.20,0.30], 33420 >0.30
42656 edges, length [0.18,3.02], 5006 <0.71, 37122 in [0.71,1.41], 528 >1.41
swapping 23 3D edges
33440 tets, quality [0.22,1.00], 13 in [0.20,0.30], 33427 >0.30
42661 edges, length [0.18,3.02], 5008 <0.71, 37130 in [0.71,1.41], 523 >1.41
swapping 10 3D edges
33442 tets, quality [0.22,1.00], 8 in [0.20,0.30], 33434 >0.30
42663 edges, length [0.18,2.42], 5009 <0.71, 37135 in [0.71,1.41], 519 >1.41
swapping 3 3D edges
33443 tets, quality [0.22,1.00], 7 in [0.20,0.30], 33436 >0.30
42664 edges, length [0.18,2.42], 5009 <0.71, 37138 in [0.71,1.41], 517 >1.41
coarsening 7 vertices
33406 tets, quality [0.22,1.00], 5 in [0.20,0.30], 33401 >0.30
42618 edges, length [0.18,2.42], 4998 <0.71, 37094 in [0.71,1.41], 526 >1.41
swapping 6 3D edges
33405 tets, quality [0.22,1.00], 5 in [0.20,0.30], 33400 >0.30
42617 edges, length [0.18,2.42], 4998 <0.71, 37093 in [0.71,1.41], 526 >1.41
swapping 6 3D edges
33406 tets, quality [0.24,1.00], 2 in [0.20,0.30], 33404 >0.30
42618 edges, length [0.18,2.39], 4998 <0.71, 37096 in [0.71,1.41], 524 >1.41
swapping 3 3D edges
33407 tets, quality [0.30,1.00], 1 in [0.20,0.30], 33406 >0.30
42619 edges, length [0.18,2.39], 4998 <0.71, 37098 in [0.71,1.41], 523 >1.41
swapping 4 3D edges
33408 tets, quality [0.30,1.00], 33408 >0.30
42620 edges, length [0.18,2.39], 4999 <0.71, 37098 in [0.71,1.41], 523 >1.41
quality histogram:
0.00-0.10: 0
0.10-0.20: 0
0.20-0.30: 0
0.30-0.40: 356
0.40-0.50: 1249
0.50-0.60: 3288
0.60-0.70: 6687
0.70-0.80: 9487
0.80-0.90: 9101
0.90-1.00: 3240
length histogram:
0.00-0.30: 44
0.30-0.60: 2019
0.60-0.90: 14031
0.90-1.20: 17309
1.20-1.50: 8915
1.50-1.80: 267
1.80-2.10: 30
2.10-2.40: 5
2.40-2.70: 0
2.70-3.00: 0
addressing edge lengths took 3.4097 seconds
snapping while addressing element qualities took 2.06949 seconds
adapting took 5.48494 seconds

before adapting:
33408 tets, quality [0.21,1.00], 108 in [0.20,0.30], 33300 >0.30
42620 edges, length [0.15,3.43], 2687 <0.71, 28868 in [0.71,1.41], 11065 >1.41
quality histogram:
0.00-0.10: 0
0.10-0.20: 0
0.20-0.30: 108
0.30-0.40: 716
0.40-0.50: 2239
0.50-0.60: 4704
0.60-0.70: 7538
0.70-0.80: 8883
0.80-0.90: 6955
0.90-1.00: 2265
length histogram:
0.00-0.30: 49
0.30-0.60: 1287
0.60-0.90: 6853
0.90-1.20: 14312
1.20-1.50: 12198
1.50-1.80: 6433
1.80-2.10: 1258
2.10-2.40: 170
2.40-2.70: 44
2.70-3.00: 12
addressing edge lengths
refining 3978 edges
49963 tets, quality [0.21,1.00], 245 in [0.20,0.30], 49718 >0.30
63808 edges, length [0.12,3.33], 7419 <0.71, 48763 in [0.71,1.41], 7626 >1.41
coarsening 1289 vertices
45244 tets, quality [0.20,1.00], 257 in [0.20,0.30], 44987 >0.30
57539 edges, length [0.19,3.33], 4888 <0.71, 45058 in [0.71,1.41], 7593 >1.41
refining 3449 edges
61473 tets, quality [0.20,1.00], 439 in [0.20,0.30], 61034 >0.30
77610 edges, length [0.15,2.88], 11569 <0.71, 61582 in [0.71,1.41], 4459 >1.41
coarsening 2306 vertices
52639 tets, quality [0.20,1.00], 359 in [0.20,0.30], 52280 >0.30
66220 edges, length [0.16,2.88], 6618 <0.71, 55260 in [0.71,1.41], 4342 >1.41
refining 2430 edges
64306 tets, quality [0.20,1.00], 521 in [0.20,0.30], 63785 >0.30
80467 edges, length [0.11,2.88], 12562 <0.71, 65871 in [0.71,1.41], 2034 >1.41
coarsening 1948 vertices
56583 tets, quality [0.20,1.00], 437 in [0.20,0.30], 56146 >0.30
70653 edges, length [0.16,2.88], 7728 <0.71, 60932 in [0.71,1.41], 1993 >1.41
refining 1272 edges
62654 tets, quality [0.20,1.00], 546 in [0.20,0.30], 62108 >0.30
78035 edges, length [0.13,2.88], 11177 <0.71, 66098 in [0.71,1.41], 760 >1.41
coarsening 1285 vertices
57318 tets, quality [0.20,1.00], 493 in [0.20,0.30], 56825 >0.30
71359 edges, length [0.16,2.88], 7797 <0.71, 62815 in [0.71,1.41], 747 >1.41
refining 459 edges
59403 tets, quality [0.20,1.00], 528 in [0.20,0.30], 58875 >0.30
73908 edges, length [0.15,2.88], 9122 <0.71, 64485 in [0.71,1.41], 301 >1.41
coarsening 628 vertices
56658 tets, quality [0.20,1.00], 466 in [0.20,0.30], 56192 >0.30
70516 edges, length [0.16,2.88], 7454 <0.71, 62772 in [0.71,1.41], 290 >1.41
refining 126 edges
57217 tets, quality [0.20,1.00], 468 in [0.20,0.30], 56749 >0.30
71204 edges, length [0.11,2.88], 7856 <0.71, 63181 in [0.71,1.41], 167 >1.41
coarsening 248 vertices
56073 tets, quality [0.20,1.00], 449 in [0.20,0.30], 55624 >0.30
69803 edges, length [0.16,2.88], 7179 <0.71, 62460 in [0.71,1.41], 164 >1.41
refining 31 edges
56201 tets, quality [0.20,1.00], 450 in [0.20,0.30], 55751 >0.30
69963 edges, length [0.11,2.88], 7285 <0.71, 62545 in [0.71,1.41], 133 >1.41
coarsening 99 vertices
55733 tets, quality [0.20,1.00], 428 in [0.20,0.30], 55305 >0.30
69394 edges, length [0.16,2.88], 7016 <0.71, 62248 in [0.71,1.41], 130 >1.41
refining 9 edges
55769 tets, quality [0.20,1.00], 426 in [0.20,0.30], 55343 >0.30
69440 edges, length [0.13,2.88], 7050 <0.71, 62269 in [0.71,1.41], 121 >1.41
coarsening 51 vertices
55524 tets, quality [0.20,1.00], 412 in [0.20,0.30], 55112 >0.30
69141 edges, length [0.16,2.88], 6911 <0.71, 62110 in [0.71,1.41], 120 >1.41
coarsening 19 vertices
55435 tets, quality [0.20,1.00], 413 in [0.20,0.30], 55022 >0.30
69032 edges, length [0.16,2.88], 6857 <0.71, 62055 in [0.71,1.41], 120 >1.41
refining 1 edges
55439 tets, quality [0.20,1.00], 412 in [0.20,0.30], 55027 >0.30
69037 edges, length [0.16,2.88], 6861 <0.71, 62057 in [0.71,1.41], 119 >1.41
coarsening 6 vertices
55408 tets, quality [0.20,1.00], 411 in [0.20,0.30], 54997 >0.30
69000 edges, length [0.16,2.88], 6838 <0.71, 62043 in [0.71,1.41], 119 >1.41
coarsening 3 vertices
55390 tets, quality [0.20,1.00], 411 in [0.20,0.30], 54979 >0.30
68979 edges, length [0.16,2.88], 6829 <0.71, 62031 in [0.71,1.41], 119 >1.41
coarsening 2 vertices
55380 tets, quality [0.20,1.00], 411 in [0.20,0.30], 54969 >0.30
68967 edges, length [0.16,2.88], 6824 <0.71, 62024 in [0.71,1.41], 119 >1.41
laplacian solve took 319 iterations
addressing element qualities
swapping 2415 3D edges
55232 tets, quality [0.20,1.00], 90 in [0.20,0.30], 55142 >0.30
68819 edges, length [0.16,2.88], 6874 <0.71, 61525 in [0.71,1.41], 420 >1.41
swapping 301 3D edges
55223 tets, quality [0.21,1.00], 23 in [0.20,0.30], 55200 >0.30
68810 edges, length [0.16,2.88], 6893 <0.71, 61500 in [0.71,1.41], 417 >1.41
swapping 44 3D edges
55214 tets, quality [0.23,1.00], 14 in [0.20,0.30], 55200 >0.30
68801 edges, length [0.16,2.88], 6892 <0.71, 61499 in [0.71,1.41], 410 >1.41
swapping 18 3D edges
55217 tets, quality [0.23,1.00], 9 in [0.20,0.30], 55208 >0.30
68804 edges, length [0.16,2.13], 6896 <0.71, 61504 in [0.71,1.41], 404 >1.41
swapping 9 3D edges
55220 tets, quality [0.24,1.00], 6 in [0.20,0.30], 55214 >0.30
68807 edges, length [0.16,2.13], 6898 <0.71, 61512 in [0.71,1.41], 397 >1.41
swapping 3 3D edges
55220 tets, quality [0.24,1.00], 6 in [0.20,0.30], 55214 >0.30
68807 edges, length [0.16,2.11], 6898 <0.71, 61512 in [0.71,1.41], 397 >1.41
swapping 2 3D edges
55219 tets, quality [0.24,1.00], 6 in [0.20,0.30], 55213 >0.30
68806 edges, length [0.16,2.11], 6898 <0.71, 61512 in [0.71,1.41], 396 >1.41
coarsening 24 vertices
55084 tets, quality [0.29,1.00], 2 in [0.20,0.30], 55082 >0.30
68643 edges, length [0.16,2.26], 6855 <0.71, 61352 in [0.71,1.41], 436 >1.41
swapping 9 3D edges
55088 tets, quality [0.29,1.00], 1 in [0.20,0.30], 55087 >0.30
68647 edges, length [0.16,2.26], 6855 <0.71, 61359 in [0.71,1.41], 433 >1.41
swapping 2 3D edges
55087 tets, quality [0.29,1.00], 1 in [0.20,0.30], 55086 >0.30
68646 edges, length [0.16,2.26], 6855 <0.71, 61357 in [0.71,1.41], 434 >1.41
coarsening 4 vertices
55070 tets, quality [0.30,1.00], 55070 >0.30
68623 edges, length [0.16,2.26], 6848 <0.71, 61338 in [0.71,1.41], 437 >1.41
quality histogram:
0.00-0.10: 0
0.10-0.20: 0
0.20-0.30: 0
0.30-0.40: 443
0.40-0.50: 1411
0.50-0.60: 4228
0.60-0.70: 10199
0.70-0.80: 16188
0.80-0.90: 16263
0.90-1.00: 6338
length histogram:
0.00-0.30: 23
0.30-0.60: 2499
0.60-0.90: 22644
0.90-1.20: 28471
1.20-1.50: 14794
1.50-1.80: 178
1.80-2.10: 12
2.10-2.40: 2
2.40-2.70: 0
2.70-3.00: 0
addressing edge lengths took 2.90352 seconds
snapping while addressing element qualities took 2.69167 seconds
adapting took 5.60419 seconds

before adapting:
55070 tets, quality [0.21,1.00], 124 in [0.20,0.30], 54946 >0.30
68623 edges, length [0.18,3.02], 3070 <0.71, 45000 in [0.71,1.41], 20553 >1.41
quality histogram:
0.00-0.10: 0
0.10-0.20: 0
0.20-0.30: 124
0.30-0.40: 823
0.40-0.50: 2657
0.50-0.60: 6460
0.60-0.70: 11370
0.70-0.80: 15373
0.80-0.90: 13455
0.90-1.00: 4808
length histogram:
0.00-0.30: 25
0.30-0.60: 1373
0.60-0.90: 9328
0.90-1.20: 22048
1.20-1.50: 20700
1.50-1.80: 12043
1.80-2.10: 2936
2.10-2.40: 152
2.40-2.70: 12
2.70-3.00: 5
addressing edge lengths
refining 6951 edges
84231 tets, quality [0.20,1.00], 299 in [0.20,0.30], 83932 >0.30
105671 edges, length [0.12,3.02], 9927 <0.71, 80965 in [0.71,1.41], 14779 >1.41
coarsening 1878 vertices
77148 tets, quality [0.20,1.00], 280 in [0.20,0.30], 76868 >0.30
96464 edges, length [0.18,3.02], 6405 <0.71, 75328 in [0.71,1.41], 14731 >1.41
refining 6295 edges
107453 tets, quality [0.20,1.00], 472 in [0.20,0.30], 106981 >0.30
133611 edges, length [0.11,2.86], 17542 <0.71, 106931 in [0.71,1.41], 9138 >1.41
coarsening 3726 vertices
93080 tets, quality [0.20,1.00], 410 in [0.20,0.30], 92670 >0.30
115199 edges, length [0.18,2.86], 9787 <0.71, 96416 in [0.71,1.41], 8996 >1.41
refining 4812 edges
116999 tets, quality [0.20,1.00], 585 in [0.20,0.30], 116414 >0.30
144160 edges, length [0.11,2.86], 20822 <0.71, 118891 in [0.71,1.41], 4447 >1.41
coarsening 3524 vertices
102994 tets, quality [0.20,1.00], 561 in [0.20,0.30], 102433 >0.30
126459 edges, length [0.18,2.86], 12274 <0.71, 109855 in [0.71,1.41], 4330 >1.41
refining 2790 edges
116622 tets, quality [0.20,1.00], 667 in [0.20,0.30], 115955 >0.30
142952 edges, length [0.13,2.46], 19607 <0.71, 121747 in [0.71,1.41], 1598 >1.41
coarsening 2510 vertices
106296 tets, quality [0.20,1.00], 665 in [0.20,0.30], 105631 >0.30
130042 edges, length [0.18,2.46], 13097 <0.71, 115392 in [0.71,1.41], 1553 >1.41
refining 1068 edges
111187 tets, quality [0.20,1.00], 733 in [0.20,0.30], 110454 >0.30
136015 edges, length [0.17,2.46], 16022 <0.71, 119498 in [0.71,1.41], 495 >1.41
coarsening 1292 vertices
105618 tets, quality [0.20,1.00], 652 in [0.20,0.30], 104966 >0.30
129126 edges, length [0.18,2.46], 12666 <0.71, 115977 in [0.71,1.41], 483 >1.41
refining 308 edges
106941 tets, quality [0.20,1.00], 660 in [0.20,0.30], 106281 >0.30
130762 edges, length [0.18,2.46], 13584 <0.71, 117000 in [0.71,1.41], 178 >1.41
coarsening 545 vertices
104468 tets, quality [0.20,1.00], 624 in [0.20,0.30], 103844 >0.30
127730 edges, length [0.18,2.46], 12140 <0.71, 115416 in [0.71,1.41], 174 >1.41
refining 73 edges
104779 tets, quality [0.20,1.00], 622 in [0.20,0.30], 104157 >0.30
128115 edges, length [0.12,2.46], 12361 <0.71, 115653 in [0.71,1.41], 101 >1.41
coarsening 228 vertices
103686 tets, quality [0.20,1.00], 603 in [0.20,0.30], 103083 >0.30
126789 edges, length [0.18,2.46], 11760 <0.71, 114929 in [0.71,1.41], 100 >1.41
refining 14 edges
103749 tets, quality [0.20,1.00], 601 in [0.20,0.30], 103148 >0.30
126866 edges, length [0.10,2.46], 11809 <0.71, 114971 in [0.71,1.41], 86 >1.41
coarsening 88 vertices
103322 tets, quality [0.20,1.00], 592 in [0.20,0.30], 102730 >0.30
126348 edges, length [0.17,2.46], 11581 <0.71, 114681 in [0.71,1.41], 86 >1.41
coarsening 28 vertices
103183 tets, quality [0.20,1.00], 592 in [0.20,0.30], 102591 >0.30
126181 edges, length [0.18,2.46], 11511 <0.71, 114584 in [0.71,1.41], 86 >1.41
coarsening 10 vertices
103137 tets, quality [0.20,1.00], 593 in [0.20,0.30], 102544 >0.30
126124 edges, length [0.18,2.46], 11487 <0.71, 114551 in [0.71,1.41], 86 >1.41
coarsening 5 vertices
103108 tets, quality [0.20,1.00], 594 in [0.20,0.30], 102514 >0.30
126090 edges, length [0.18,2.46], 11473 <0.71, 114531 in [0.71,1.41], 86 >1.41
laplacian solve took 548 iterations
addressing element qualities
swapping 3993 3D edges
102765 tets, quality [0.20,1.00], 88 in [0.20,0.30], 102677 >0.30
125747 edges, length [0.18,2.46], 11540 <0.71, 113622 in [0.71,1.41], 585 >1.41
swapping 339 3D edges
102734 tets, quality [0.23,1.00], 18 in [0.20,0.30], 102716 >0.30
125716 edges, length [0.18,2.08], 11544 <0.71, 113564 in [0.71,1.41], 608 >1.41
swapping 42 3D edges
102735 tets, quality [0.25,1.00], 7 in [0.20,0.30], 102728 >0.30
125717 edges, length [0.18,2.08], 11546 <0.71, 113567 in [0.71,1.41], 604 >1.41
swapping 7 3D edges
102733 tets, quality [0.25,1.00], 5 in [0.20,0.30], 102728 >0.30
125715 edges, length [0.18,2.08], 11546 <0.71, 113565 in [0.71,1.41], 604 >1.41
coarsening 24 vertices
102620 tets, quality [0.25,1.00], 1 in [0.20,0.30], 102619 >0.30
125564 edges, length [0.18,2.08], 11506 <0.71, 113406 in [0.71,1.41], 652 >1.41
swapping 1 3D edges
102620 tets, quality [0.25,1.00], 1 in [0.20,0.30], 102619 >0.30
125564 edges, length [0.18,2.08], 11506 <0.71, 113406 in [0.71,1.41], 652 >1.41
coarsening 3 vertices
102604 tets, quality [0.30,1.00], 102604 >0.30
125544 edges, length [0.18,2.08], 11503 <0.71, 113385 in [0.71,1.41], 656 >1.41
quality histogram:
0.00-0.10: 0
0.10-0.20: 0
0.20-0.30: 0
0.30-0.40: 744
0.40-0.50: 2230
0.50-0.60: 7227
0.60-0.70: 18073
0.70-0.80: 30276
0.80-0.90: 31511
0.90-1.00: 12543
length histogram:
0.00-0.30: 26
0.30-0.60: 4080
0.60-0.90: 42153
0.90-1.20: 51476
1.20-1.50: 27510
1.50-1.80: 290
1.80-2.10: 9
2.10-2.40: 0
2.40-2.70: 0
2.70-3.00: 0
addressing edge lengths took 4.92626 seconds
snapping while addressing element qualities took 4.90632 seconds
adapting took 9.84756 seconds

 EGADS Info: 0 Objects, 0 Reference in Use (of 161) at Close!
